{"/home/travis/build/npmtest/node-npmtest-convnetjs/test.js":{"path":"/home/travis/build/npmtest/node-npmtest-convnetjs/test.js","s":{"1":2,"2":2,"3":2,"4":2,"5":2,"6":2,"7":2,"8":1,"9":2,"10":2,"11":1,"12":1,"13":1,"14":1,"15":2,"16":2,"17":2,"18":2,"19":1,"20":1,"21":2,"22":2,"23":2,"24":1,"25":1,"26":1,"27":1,"28":1,"29":1,"30":1,"31":1,"32":1,"33":1,"34":1,"35":1,"36":1,"37":1,"38":1,"39":2,"40":2,"41":1,"42":2,"43":2,"44":1,"45":2,"46":2,"47":1,"48":2,"49":2,"50":1,"51":1,"52":1,"53":1,"54":1},"b":{"1":[2,1,1,1],"2":[1,1,1,1],"3":[1,1],"4":[1,1],"5":[1,1],"6":[1,1],"7":[1,1],"8":[1,1],"9":[1,1],"10":[1,1,1],"11":[1,1],"12":[1,1],"13":[1,1],"14":[1,1],"15":[1,1],"16":[1,1],"17":[1,1]},"f":{"1":2,"2":2,"3":2,"4":2,"5":2,"6":1,"7":1,"8":1,"9":2,"10":2,"11":2,"12":2,"13":1},"fnMap":{"1":{"name":"(anonymous_1)","line":12,"loc":{"start":{"line":12,"column":1},"end":{"line":12,"column":13}}},"2":{"name":"(anonymous_2)","line":19,"loc":{"start":{"line":19,"column":5},"end":{"line":19,"column":17}}},"3":{"name":"(anonymous_3)","line":23,"loc":{"start":{"line":23,"column":24},"end":{"line":23,"column":36}}},"4":{"name":"(anonymous_4)","line":61,"loc":{"start":{"line":61,"column":5},"end":{"line":61,"column":17}}},"5":{"name":"(anonymous_5)","line":82,"loc":{"start":{"line":82,"column":5},"end":{"line":82,"column":17}}},"6":{"name":"(anonymous_6)","line":91,"loc":{"start":{"line":91,"column":77},"end":{"line":94,"column":10}}},"7":{"name":"(anonymous_7)","line":112,"loc":{"start":{"line":112,"column":83},"end":{"line":115,"column":10}},"skip":true},"8":{"name":"(anonymous_8)","line":123,"loc":{"start":{"line":123,"column":77},"end":{"line":126,"column":10}},"skip":true},"9":{"name":"(anonymous_9)","line":139,"loc":{"start":{"line":139,"column":12},"end":{"line":139,"column":40}},"skip":true},"10":{"name":"(anonymous_10)","line":147,"loc":{"start":{"line":147,"column":77},"end":{"line":150,"column":10}},"skip":true},"11":{"name":"(anonymous_11)","line":158,"loc":{"start":{"line":158,"column":83},"end":{"line":161,"column":10}},"skip":true},"12":{"name":"(anonymous_12)","line":169,"loc":{"start":{"line":169,"column":79},"end":{"line":172,"column":10}},"skip":true},"13":{"name":"(anonymous_13)","line":180,"loc":{"start":{"line":180,"column":75},"end":{"line":183,"column":10}},"skip":true}},"statementMap":{"1":{"start":{"line":12,"column":0},"end":{"line":195,"column":5}},"2":{"start":{"line":14,"column":4},"end":{"line":14,"column":14}},"3":{"start":{"line":19,"column":4},"end":{"line":56,"column":9}},"4":{"start":{"line":21,"column":8},"end":{"line":21,"column":19}},"5":{"start":{"line":23,"column":8},"end":{"line":35,"column":13}},"6":{"start":{"line":24,"column":12},"end":{"line":34,"column":13}},"7":{"start":{"line":25,"column":16},"end":{"line":28,"column":30}},"8":{"start":{"line":30,"column":16},"end":{"line":33,"column":27}},"9":{"start":{"line":37,"column":8},"end":{"line":39,"column":21}},"10":{"start":{"line":40,"column":8},"end":{"line":53,"column":9}},"11":{"start":{"line":43,"column":12},"end":{"line":46,"column":14}},"12":{"start":{"line":47,"column":12},"end":{"line":47,"column":18}},"13":{"start":{"line":50,"column":12},"end":{"line":51,"column":46}},"14":{"start":{"line":52,"column":12},"end":{"line":52,"column":18}},"15":{"start":{"line":55,"column":8},"end":{"line":55,"column":35}},"16":{"start":{"line":61,"column":4},"end":{"line":63,"column":9}},"17":{"start":{"line":62,"column":8},"end":{"line":62,"column":15}},"18":{"start":{"line":64,"column":4},"end":{"line":77,"column":5}},"19":{"start":{"line":70,"column":8},"end":{"line":70,"column":14}},"20":{"start":{"line":76,"column":8},"end":{"line":76,"column":14}},"21":{"start":{"line":82,"column":4},"end":{"line":84,"column":9}},"22":{"start":{"line":83,"column":8},"end":{"line":83,"column":15}},"23":{"start":{"line":85,"column":4},"end":{"line":194,"column":5}},"24":{"start":{"line":91,"column":8},"end":{"line":99,"column":10}},"25":{"start":{"line":98,"column":12},"end":{"line":98,"column":35}},"26":{"start":{"line":102,"column":8},"end":{"line":104,"column":63}},"27":{"start":{"line":105,"column":8},"end":{"line":105,"column":14}},"28":{"start":{"line":112,"column":8},"end":{"line":121,"column":10},"skip":true},"29":{"start":{"line":119,"column":12},"end":{"line":119,"column":55},"skip":true},"30":{"start":{"line":120,"column":12},"end":{"line":120,"column":48},"skip":true},"31":{"start":{"line":123,"column":8},"end":{"line":136,"column":10},"skip":true},"32":{"start":{"line":130,"column":12},"end":{"line":130,"column":76},"skip":true},"33":{"start":{"line":131,"column":12},"end":{"line":131,"column":73},"skip":true},"34":{"start":{"line":132,"column":12},"end":{"line":132,"column":74},"skip":true},"35":{"start":{"line":133,"column":12},"end":{"line":133,"column":79},"skip":true},"36":{"start":{"line":134,"column":12},"end":{"line":134,"column":25},"skip":true},"37":{"start":{"line":135,"column":12},"end":{"line":135,"column":45},"skip":true},"38":{"start":{"line":138,"column":8},"end":{"line":145,"column":14},"skip":true},"39":{"start":{"line":143,"column":16},"end":{"line":143,"column":29},"skip":true},"40":{"start":{"line":144,"column":16},"end":{"line":144,"column":55},"skip":true},"41":{"start":{"line":147,"column":8},"end":{"line":156,"column":10},"skip":true},"42":{"start":{"line":154,"column":12},"end":{"line":154,"column":25},"skip":true},"43":{"start":{"line":155,"column":12},"end":{"line":155,"column":45},"skip":true},"44":{"start":{"line":158,"column":8},"end":{"line":167,"column":10},"skip":true},"45":{"start":{"line":165,"column":12},"end":{"line":165,"column":25},"skip":true},"46":{"start":{"line":166,"column":12},"end":{"line":166,"column":48},"skip":true},"47":{"start":{"line":169,"column":8},"end":{"line":178,"column":10},"skip":true},"48":{"start":{"line":176,"column":12},"end":{"line":176,"column":25},"skip":true},"49":{"start":{"line":177,"column":12},"end":{"line":177,"column":46},"skip":true},"50":{"start":{"line":180,"column":8},"end":{"line":189,"column":10},"skip":true},"51":{"start":{"line":187,"column":12},"end":{"line":187,"column":94},"skip":true},"52":{"start":{"line":188,"column":12},"end":{"line":188,"column":48},"skip":true},"53":{"start":{"line":192,"column":8},"end":{"line":192,"column":35},"skip":true},"54":{"start":{"line":193,"column":8},"end":{"line":193,"column":14},"skip":true}},"branchMap":{"1":{"line":25,"type":"binary-expr","locations":[{"start":{"line":25,"column":23},"end":{"line":25,"column":62}},{"start":{"line":26,"column":20},"end":{"line":26,"column":70}},{"start":{"line":27,"column":20},"end":{"line":27,"column":71}},{"start":{"line":28,"column":20},"end":{"line":28,"column":29}}]},"2":{"line":30,"type":"binary-expr","locations":[{"start":{"line":30,"column":23},"end":{"line":30,"column":37}},{"start":{"line":31,"column":20},"end":{"line":31,"column":61}},{"start":{"line":32,"column":20},"end":{"line":32,"column":70}},{"start":{"line":33,"column":20},"end":{"line":33,"column":26}}]},"3":{"line":37,"type":"cond-expr","locations":[{"start":{"line":38,"column":14},"end":{"line":38,"column":20}},{"start":{"line":39,"column":14},"end":{"line":39,"column":20}}]},"4":{"line":40,"type":"switch","locations":[{"start":{"line":42,"column":8},"end":{"line":47,"column":18}},{"start":{"line":49,"column":8},"end":{"line":52,"column":18}}]},"5":{"line":44,"type":"binary-expr","locations":[{"start":{"line":44,"column":16},"end":{"line":44,"column":44}},{"start":{"line":44,"column":48},"end":{"line":44,"column":66}}]},"6":{"line":50,"type":"binary-expr","locations":[{"start":{"line":50,"column":21},"end":{"line":50,"column":49}},{"start":{"line":50,"column":53},"end":{"line":50,"column":72}}]},"7":{"line":64,"type":"switch","locations":[{"start":{"line":69,"column":4},"end":{"line":70,"column":14}},{"start":{"line":75,"column":4},"end":{"line":76,"column":14}}]},"8":{"line":85,"type":"switch","locations":[{"start":{"line":90,"column":4},"end":{"line":105,"column":14}},{"start":{"line":111,"column":4},"end":{"line":193,"column":14},"skip":true}]},"9":{"line":91,"type":"binary-expr","locations":[{"start":{"line":91,"column":42},"end":{"line":91,"column":73}},{"start":{"line":91,"column":77},"end":{"line":99,"column":9}}]},"10":{"line":102,"type":"binary-expr","locations":[{"start":{"line":102,"column":18},"end":{"line":102,"column":32}},{"start":{"line":103,"column":12},"end":{"line":103,"column":53}},{"start":{"line":104,"column":12},"end":{"line":104,"column":61}}]},"11":{"line":112,"type":"binary-expr","locations":[{"start":{"line":112,"column":45},"end":{"line":112,"column":79},"skip":true},{"start":{"line":112,"column":83},"end":{"line":121,"column":9},"skip":true}]},"12":{"line":123,"type":"binary-expr","locations":[{"start":{"line":123,"column":42},"end":{"line":123,"column":73},"skip":true},{"start":{"line":123,"column":77},"end":{"line":136,"column":9},"skip":true}]},"13":{"line":138,"type":"binary-expr","locations":[{"start":{"line":138,"column":48},"end":{"line":138,"column":85},"skip":true},{"start":{"line":139,"column":12},"end":{"line":145,"column":13},"skip":true}]},"14":{"line":147,"type":"binary-expr","locations":[{"start":{"line":147,"column":42},"end":{"line":147,"column":73},"skip":true},{"start":{"line":147,"column":77},"end":{"line":156,"column":9},"skip":true}]},"15":{"line":158,"type":"binary-expr","locations":[{"start":{"line":158,"column":45},"end":{"line":158,"column":79},"skip":true},{"start":{"line":158,"column":83},"end":{"line":167,"column":9},"skip":true}]},"16":{"line":169,"type":"binary-expr","locations":[{"start":{"line":169,"column":43},"end":{"line":169,"column":75},"skip":true},{"start":{"line":169,"column":79},"end":{"line":178,"column":9},"skip":true}]},"17":{"line":180,"type":"binary-expr","locations":[{"start":{"line":180,"column":41},"end":{"line":180,"column":71},"skip":true},{"start":{"line":180,"column":75},"end":{"line":189,"column":9},"skip":true}]}},"code":["/* istanbul instrument in package npmtest_convnetjs */","/*jslint","    bitwise: true,","    browser: true,","    maxerr: 8,","    maxlen: 96,","    node: true,","    nomen: true,","    regexp: true,","    stupid: true","*/","(function () {","    'use strict';","    var local;","","","","    // run shared js-env code - pre-init","    (function () {","        // init local","        local = {};","        // init modeJs","        local.modeJs = (function () {","            try {","                return typeof navigator.userAgent === 'string' &&","                    typeof document.querySelector('body') === 'object' &&","                    typeof XMLHttpRequest.prototype.open === 'function' &&","                    'browser';","            } catch (errorCaughtBrowser) {","                return module.exports &&","                    typeof process.versions.node === 'string' &&","                    typeof require('http').createServer === 'function' &&","                    'node';","            }","        }());","        // init global","        local.global = local.modeJs === 'browser'","            ? window","            : global;","        switch (local.modeJs) {","        // re-init local from window.local","        case 'browser':","            local = local.global.utility2.objectSetDefault(","                local.global.utility2_rollup || local.global.local,","                local.global.utility2","            );","            break;","        // re-init local from example.js","        case 'node':","            local = (local.global.utility2_rollup || require('utility2'))","                .requireExampleJsFromReadme();","            break;","        }","        // export local","        local.global.local = local;","    }());","","","","    // run shared js-env code - function","    (function () {","        return;","    }());","    switch (local.modeJs) {","","","","    // run browser js-env code - function","    case 'browser':","        break;","","","","    // run node js-env code - function","    case 'node':","        break;","    }","","","","    // run shared js-env code - post-init","    (function () {","        return;","    }());","    switch (local.modeJs) {","","","","    // run browser js-env code - post-init","    case 'browser':","        local.testCase_browser_nullCase = local.testCase_browser_nullCase || function (","            options,","            onError","        ) {","        /*","         * this function will test browsers's null-case handling-behavior-behavior","         */","            onError(null, options);","        };","","        // run tests","        local.nop(local.modeTest &&","            document.querySelector('#testRunButton1') &&","            document.querySelector('#testRunButton1').click());","        break;","","","","    // run node js-env code - post-init","    /* istanbul ignore next */","    case 'node':","        local.testCase_buildApidoc_default = local.testCase_buildApidoc_default || function (","            options,","            onError","        ) {","        /*","         * this function will test buildApidoc's default handling-behavior-behavior","         */","            options = { modulePathList: module.paths };","            local.buildApidoc(options, onError);","        };","","        local.testCase_buildApp_default = local.testCase_buildApp_default || function (","            options,","            onError","        ) {","        /*","         * this function will test buildApp's default handling-behavior-behavior","         */","            local.testCase_buildReadme_default(options, local.onErrorThrow);","            local.testCase_buildLib_default(options, local.onErrorThrow);","            local.testCase_buildTest_default(options, local.onErrorThrow);","            local.testCase_buildCustomOrg_default(options, local.onErrorThrow);","            options = [];","            local.buildApp(options, onError);","        };","","        local.testCase_buildCustomOrg_default = local.testCase_buildCustomOrg_default ||","            function (options, onError) {","            /*","             * this function will test buildCustomOrg's default handling-behavior","             */","                options = {};","                local.buildCustomOrg(options, onError);","            };","","        local.testCase_buildLib_default = local.testCase_buildLib_default || function (","            options,","            onError","        ) {","        /*","         * this function will test buildLib's default handling-behavior","         */","            options = {};","            local.buildLib(options, onError);","        };","","        local.testCase_buildReadme_default = local.testCase_buildReadme_default || function (","            options,","            onError","        ) {","        /*","         * this function will test buildReadme's default handling-behavior-behavior","         */","            options = {};","            local.buildReadme(options, onError);","        };","","        local.testCase_buildTest_default = local.testCase_buildTest_default || function (","            options,","            onError","        ) {","        /*","         * this function will test buildTest's default handling-behavior","         */","            options = {};","            local.buildTest(options, onError);","        };","","        local.testCase_webpage_default = local.testCase_webpage_default || function (","            options,","            onError","        ) {","        /*","         * this function will test webpage's default handling-behavior","         */","            options = { modeCoverageMerge: true, url: local.serverLocalHost + '?modeTest=1' };","            local.browserTest(options, onError);","        };","","        // run test-server","        local.testRunServer(local);","        break;","    }","}());",""],"l":{"12":2,"14":2,"19":2,"21":2,"23":2,"24":2,"25":2,"30":1,"37":2,"40":2,"43":1,"47":1,"50":1,"52":1,"55":2,"61":2,"62":2,"64":2,"70":1,"76":1,"82":2,"83":2,"85":2,"91":1,"98":1,"102":1,"105":1,"112":1,"119":1,"120":1,"123":1,"130":1,"131":1,"132":1,"133":1,"134":1,"135":1,"138":1,"143":2,"144":2,"147":1,"154":2,"155":2,"158":1,"165":2,"166":2,"169":1,"176":2,"177":2,"180":1,"187":1,"188":1,"192":1,"193":1}},"/home/travis/build/npmtest/node-npmtest-convnetjs/lib.npmtest_convnetjs.js":{"path":"/home/travis/build/npmtest/node-npmtest-convnetjs/lib.npmtest_convnetjs.js","s":{"1":2,"2":2,"3":2,"4":2,"5":2,"6":2,"7":2,"8":1,"9":2,"10":2,"11":2,"12":2,"13":1,"14":1,"15":1,"16":1},"b":{"1":[2,1,1,1],"2":[1,1,1,1],"3":[1,1],"4":[2,2],"5":[1,1]},"f":{"1":2,"2":2,"3":2},"fnMap":{"1":{"name":"(anonymous_1)","line":12,"loc":{"start":{"line":12,"column":1},"end":{"line":12,"column":13}}},"2":{"name":"(anonymous_2)","line":19,"loc":{"start":{"line":19,"column":5},"end":{"line":19,"column":17}}},"3":{"name":"(anonymous_3)","line":23,"loc":{"start":{"line":23,"column":24},"end":{"line":23,"column":36}}}},"statementMap":{"1":{"start":{"line":12,"column":0},"end":{"line":53,"column":5}},"2":{"start":{"line":14,"column":4},"end":{"line":14,"column":14}},"3":{"start":{"line":19,"column":4},"end":{"line":52,"column":9}},"4":{"start":{"line":21,"column":8},"end":{"line":21,"column":19}},"5":{"start":{"line":23,"column":8},"end":{"line":35,"column":13}},"6":{"start":{"line":24,"column":12},"end":{"line":34,"column":13}},"7":{"start":{"line":25,"column":16},"end":{"line":28,"column":30}},"8":{"start":{"line":30,"column":16},"end":{"line":33,"column":27}},"9":{"start":{"line":37,"column":8},"end":{"line":39,"column":21}},"10":{"start":{"line":41,"column":8},"end":{"line":41,"column":54}},"11":{"start":{"line":43,"column":8},"end":{"line":43,"column":54}},"12":{"start":{"line":45,"column":8},"end":{"line":51,"column":9}},"13":{"start":{"line":46,"column":12},"end":{"line":46,"column":60}},"14":{"start":{"line":48,"column":12},"end":{"line":48,"column":35}},"15":{"start":{"line":49,"column":12},"end":{"line":49,"column":49}},"16":{"start":{"line":50,"column":12},"end":{"line":50,"column":43}}},"branchMap":{"1":{"line":25,"type":"binary-expr","locations":[{"start":{"line":25,"column":23},"end":{"line":25,"column":62}},{"start":{"line":26,"column":20},"end":{"line":26,"column":70}},{"start":{"line":27,"column":20},"end":{"line":27,"column":71}},{"start":{"line":28,"column":20},"end":{"line":28,"column":29}}]},"2":{"line":30,"type":"binary-expr","locations":[{"start":{"line":30,"column":23},"end":{"line":30,"column":37}},{"start":{"line":31,"column":20},"end":{"line":31,"column":61}},{"start":{"line":32,"column":20},"end":{"line":32,"column":70}},{"start":{"line":33,"column":20},"end":{"line":33,"column":26}}]},"3":{"line":37,"type":"cond-expr","locations":[{"start":{"line":38,"column":14},"end":{"line":38,"column":20}},{"start":{"line":39,"column":14},"end":{"line":39,"column":20}}]},"4":{"line":41,"type":"binary-expr","locations":[{"start":{"line":41,"column":16},"end":{"line":41,"column":44}},{"start":{"line":41,"column":48},"end":{"line":41,"column":53}}]},"5":{"line":45,"type":"if","locations":[{"start":{"line":45,"column":8},"end":{"line":45,"column":8}},{"start":{"line":45,"column":8},"end":{"line":45,"column":8}}]}},"code":["/* istanbul instrument in package npmtest_convnetjs */","/*jslint","    bitwise: true,","    browser: true,","    maxerr: 8,","    maxlen: 96,","    node: true,","    nomen: true,","    regexp: true,","    stupid: true","*/","(function () {","    'use strict';","    var local;","","","","    // run shared js-env code - pre-init","    (function () {","        // init local","        local = {};","        // init modeJs","        local.modeJs = (function () {","            try {","                return typeof navigator.userAgent === 'string' &&","                    typeof document.querySelector('body') === 'object' &&","                    typeof XMLHttpRequest.prototype.open === 'function' &&","                    'browser';","            } catch (errorCaughtBrowser) {","                return module.exports &&","                    typeof process.versions.node === 'string' &&","                    typeof require('http').createServer === 'function' &&","                    'node';","            }","        }());","        // init global","        local.global = local.modeJs === 'browser'","            ? window","            : global;","        // init utility2_rollup","        local = local.global.utility2_rollup || local;","        // init lib","        local.local = local.npmtest_convnetjs = local;","        // init exports","        if (local.modeJs === 'browser') {","            local.global.utility2_npmtest_convnetjs = local;","        } else {","            module.exports = local;","            module.exports.__dirname = __dirname;","            module.exports.module = module;","        }","    }());","}());",""],"l":{"12":2,"14":2,"19":2,"21":2,"23":2,"24":2,"25":2,"30":1,"37":2,"41":2,"43":2,"45":2,"46":1,"48":1,"49":1,"50":1}},"/home/travis/build/npmtest/node-npmtest-convnetjs/example.js":{"path":"/home/travis/build/npmtest/node-npmtest-convnetjs/example.js","s":{"1":2,"2":2,"3":2,"4":2,"5":2,"6":2,"7":2,"8":1,"9":2,"10":2,"11":2,"12":2,"13":1,"14":2,"15":2,"16":2,"17":2,"18":2,"19":0,"20":2,"21":1,"22":1,"23":1,"24":1,"25":1,"26":0,"27":0,"28":1,"29":1,"30":2,"31":0,"32":0,"33":0,"34":1,"35":2,"36":2,"37":3,"38":3,"39":3,"40":3,"41":0,"42":3,"43":3,"44":3,"45":1,"46":3,"47":1,"48":1,"49":1,"50":1,"51":1,"52":1,"53":1,"54":1,"55":1,"56":1,"57":0,"58":1,"59":6,"60":6,"61":1,"62":2,"63":0,"64":2,"65":1,"66":1,"67":0,"68":0,"69":0,"70":0,"71":0,"72":0,"73":0,"74":0,"75":0,"76":0,"77":0,"78":0,"79":0,"80":0,"81":0,"82":0,"83":0},"b":{"1":[2,1,1,1],"2":[1,1,1,1],"3":[1,1],"4":[2,2],"5":[1,1],"6":[1,1],"7":[2,0],"8":[2,1,1,1,1,1],"9":[0,2,0],"10":[1,1],"11":[2,1,1],"12":[1,0],"13":[0,2],"14":[2,0,0,0,0,0,0],"15":[0,3],"16":[3,0],"17":[1,1],"18":[0,1],"19":[1,2,0,2],"20":[1,0],"21":[1,1],"22":[0,0],"23":[0,0],"24":[0,0],"25":[0,0],"26":[0,0],"27":[0,0],"28":[0,0]},"f":{"1":2,"2":2,"3":2,"4":2,"5":2,"6":2,"7":3,"8":3,"9":3,"10":1,"11":6,"12":0},"fnMap":{"1":{"name":"(anonymous_1)","line":26,"loc":{"start":{"line":26,"column":1},"end":{"line":26,"column":13}}},"2":{"name":"(anonymous_2)","line":33,"loc":{"start":{"line":33,"column":5},"end":{"line":33,"column":17}}},"3":{"name":"(anonymous_3)","line":37,"loc":{"start":{"line":37,"column":24},"end":{"line":37,"column":36}}},"4":{"name":"(anonymous_4)","line":69,"loc":{"start":{"line":69,"column":31},"end":{"line":69,"column":48}},"skip":true},"5":{"name":"(anonymous_5)","line":78,"loc":{"start":{"line":78,"column":26},"end":{"line":78,"column":45}},"skip":true},"6":{"name":"(anonymous_6)","line":123,"loc":{"start":{"line":123,"column":33},"end":{"line":123,"column":48}},"skip":true},"7":{"name":"(anonymous_7)","line":125,"loc":{"start":{"line":125,"column":27},"end":{"line":125,"column":39}},"skip":true},"8":{"name":"(anonymous_8)","line":133,"loc":{"start":{"line":133,"column":59},"end":{"line":133,"column":74}},"skip":true},"9":{"name":"(anonymous_9)","line":143,"loc":{"start":{"line":143,"column":45},"end":{"line":143,"column":62}},"skip":true},"10":{"name":"(anonymous_10)","line":144,"loc":{"start":{"line":144,"column":73},"end":{"line":144,"column":92}},"skip":true},"11":{"name":"(anonymous_11)","line":272,"loc":{"start":{"line":272,"column":51},"end":{"line":272,"column":77}},"skip":true},"12":{"name":"(anonymous_12)","line":315,"loc":{"start":{"line":315,"column":32},"end":{"line":315,"column":61}},"skip":true}},"statementMap":{"1":{"start":{"line":26,"column":0},"end":{"line":326,"column":5}},"2":{"start":{"line":28,"column":4},"end":{"line":28,"column":14}},"3":{"start":{"line":33,"column":4},"end":{"line":60,"column":9}},"4":{"start":{"line":35,"column":8},"end":{"line":35,"column":19}},"5":{"start":{"line":37,"column":8},"end":{"line":49,"column":13}},"6":{"start":{"line":38,"column":12},"end":{"line":48,"column":13}},"7":{"start":{"line":39,"column":16},"end":{"line":42,"column":30}},"8":{"start":{"line":44,"column":16},"end":{"line":47,"column":27}},"9":{"start":{"line":51,"column":8},"end":{"line":53,"column":21}},"10":{"start":{"line":55,"column":8},"end":{"line":57,"column":45}},"11":{"start":{"line":59,"column":8},"end":{"line":59,"column":35}},"12":{"start":{"line":61,"column":4},"end":{"line":325,"column":5}},"13":{"start":{"line":69,"column":8},"end":{"line":121,"column":10},"skip":true},"14":{"start":{"line":70,"column":12},"end":{"line":88,"column":13},"skip":true},"15":{"start":{"line":76,"column":16},"end":{"line":87,"column":19},"skip":true},"16":{"start":{"line":79,"column":20},"end":{"line":86,"column":21},"skip":true},"17":{"start":{"line":82,"column":24},"end":{"line":82,"column":43},"skip":true},"18":{"start":{"line":83,"column":24},"end":{"line":83,"column":30},"skip":true},"19":{"start":{"line":85,"column":24},"end":{"line":85,"column":49},"skip":true},"20":{"start":{"line":89,"column":12},"end":{"line":107,"column":13},"skip":true},"21":{"start":{"line":92,"column":16},"end":{"line":102,"column":17},"skip":true},"22":{"start":{"line":93,"column":20},"end":{"line":93,"column":86},"skip":true},"23":{"start":{"line":94,"column":20},"end":{"line":95,"column":45},"skip":true},"24":{"start":{"line":96,"column":20},"end":{"line":96,"column":42},"skip":true},"25":{"start":{"line":97,"column":20},"end":{"line":97,"column":48},"skip":true},"26":{"start":{"line":100,"column":20},"end":{"line":100,"column":85},"skip":true},"27":{"start":{"line":101,"column":20},"end":{"line":101,"column":96},"skip":true},"28":{"start":{"line":103,"column":16},"end":{"line":103,"column":22},"skip":true},"29":{"start":{"line":106,"column":16},"end":{"line":106,"column":22},"skip":true},"30":{"start":{"line":108,"column":12},"end":{"line":120,"column":13},"skip":true},"31":{"start":{"line":114,"column":16},"end":{"line":119,"column":17},"skip":true},"32":{"start":{"line":116,"column":20},"end":{"line":116,"column":78},"skip":true},"33":{"start":{"line":118,"column":20},"end":{"line":118,"column":47},"skip":true},"34":{"start":{"line":123,"column":8},"end":{"line":141,"column":11},"skip":true},"35":{"start":{"line":124,"column":12},"end":{"line":124,"column":54},"skip":true},"36":{"start":{"line":125,"column":12},"end":{"line":140,"column":14},"skip":true},"37":{"start":{"line":126,"column":16},"end":{"line":126,"column":28},"skip":true},"38":{"start":{"line":127,"column":16},"end":{"line":127,"column":69},"skip":true},"39":{"start":{"line":128,"column":16},"end":{"line":128,"column":75},"skip":true},"40":{"start":{"line":129,"column":16},"end":{"line":131,"column":17},"skip":true},"41":{"start":{"line":130,"column":20},"end":{"line":130,"column":27},"skip":true},"42":{"start":{"line":133,"column":16},"end":{"line":137,"column":36},"skip":true},"43":{"start":{"line":134,"column":20},"end":{"line":136,"column":55},"skip":true},"44":{"start":{"line":139,"column":16},"end":{"line":139,"column":57},"skip":true},"45":{"start":{"line":143,"column":8},"end":{"line":147,"column":11},"skip":true},"46":{"start":{"line":144,"column":12},"end":{"line":146,"column":15},"skip":true},"47":{"start":{"line":145,"column":16},"end":{"line":145,"column":70},"skip":true},"48":{"start":{"line":149,"column":8},"end":{"line":149,"column":31},"skip":true},"49":{"start":{"line":150,"column":8},"end":{"line":150,"column":14},"skip":true},"50":{"start":{"line":158,"column":8},"end":{"line":158,"column":31},"skip":true},"51":{"start":{"line":160,"column":8},"end":{"line":160,"column":33},"skip":true},"52":{"start":{"line":161,"column":8},"end":{"line":161,"column":37},"skip":true},"53":{"start":{"line":162,"column":8},"end":{"line":162,"column":35},"skip":true},"54":{"start":{"line":164,"column":8},"end":{"line":164,"column":50},"skip":true},"55":{"start":{"line":166,"column":8},"end":{"line":256,"column":2},"skip":true},"56":{"start":{"line":258,"column":8},"end":{"line":286,"column":9},"skip":true},"57":{"start":{"line":259,"column":12},"end":{"line":269,"column":14},"skip":true},"58":{"start":{"line":271,"column":12},"end":{"line":285,"column":19},"skip":true},"59":{"start":{"line":274,"column":20},"end":{"line":274,"column":35},"skip":true},"60":{"start":{"line":275,"column":20},"end":{"line":284,"column":21},"skip":true},"61":{"start":{"line":277,"column":24},"end":{"line":277,"column":64},"skip":true},"62":{"start":{"line":279,"column":24},"end":{"line":279,"column":40},"skip":true},"63":{"start":{"line":281,"column":24},"end":{"line":281,"column":40},"skip":true},"64":{"start":{"line":283,"column":24},"end":{"line":283,"column":39},"skip":true},"65":{"start":{"line":288,"column":8},"end":{"line":290,"column":9},"skip":true},"66":{"start":{"line":289,"column":12},"end":{"line":289,"column":18},"skip":true},"67":{"start":{"line":291,"column":8},"end":{"line":293,"column":54},"skip":true},"68":{"start":{"line":296,"column":8},"end":{"line":301,"column":37},"skip":true},"69":{"start":{"line":303,"column":8},"end":{"line":303,"column":82},"skip":true},"70":{"start":{"line":306,"column":8},"end":{"line":308,"column":9},"skip":true},"71":{"start":{"line":307,"column":12},"end":{"line":307,"column":82},"skip":true},"72":{"start":{"line":310,"column":8},"end":{"line":312,"column":9},"skip":true},"73":{"start":{"line":311,"column":12},"end":{"line":311,"column":18},"skip":true},"74":{"start":{"line":313,"column":8},"end":{"line":313,"column":54},"skip":true},"75":{"start":{"line":314,"column":8},"end":{"line":314,"column":69},"skip":true},"76":{"start":{"line":315,"column":8},"end":{"line":323,"column":36},"skip":true},"77":{"start":{"line":316,"column":12},"end":{"line":316,"column":61},"skip":true},"78":{"start":{"line":317,"column":12},"end":{"line":320,"column":13},"skip":true},"79":{"start":{"line":318,"column":16},"end":{"line":318,"column":75},"skip":true},"80":{"start":{"line":319,"column":16},"end":{"line":319,"column":23},"skip":true},"81":{"start":{"line":321,"column":12},"end":{"line":321,"column":38},"skip":true},"82":{"start":{"line":322,"column":12},"end":{"line":322,"column":27},"skip":true},"83":{"start":{"line":324,"column":8},"end":{"line":324,"column":14},"skip":true}},"branchMap":{"1":{"line":39,"type":"binary-expr","locations":[{"start":{"line":39,"column":23},"end":{"line":39,"column":62}},{"start":{"line":40,"column":20},"end":{"line":40,"column":70}},{"start":{"line":41,"column":20},"end":{"line":41,"column":71}},{"start":{"line":42,"column":20},"end":{"line":42,"column":29}}]},"2":{"line":44,"type":"binary-expr","locations":[{"start":{"line":44,"column":23},"end":{"line":44,"column":37}},{"start":{"line":45,"column":20},"end":{"line":45,"column":61}},{"start":{"line":46,"column":20},"end":{"line":46,"column":70}},{"start":{"line":47,"column":20},"end":{"line":47,"column":26}}]},"3":{"line":51,"type":"cond-expr","locations":[{"start":{"line":52,"column":14},"end":{"line":52,"column":20}},{"start":{"line":53,"column":14},"end":{"line":53,"column":20}}]},"4":{"line":55,"type":"binary-expr","locations":[{"start":{"line":55,"column":16},"end":{"line":55,"column":44}},{"start":{"line":55,"column":49},"end":{"line":57,"column":43}}]},"5":{"line":55,"type":"cond-expr","locations":[{"start":{"line":56,"column":14},"end":{"line":56,"column":53}},{"start":{"line":57,"column":14},"end":{"line":57,"column":43}}]},"6":{"line":61,"type":"switch","locations":[{"start":{"line":68,"column":4},"end":{"line":150,"column":14},"skip":true},{"start":{"line":156,"column":4},"end":{"line":324,"column":14},"skip":true}]},"7":{"line":70,"type":"if","locations":[{"start":{"line":70,"column":12},"end":{"line":70,"column":12},"skip":true},{"start":{"line":70,"column":12},"end":{"line":70,"column":12},"skip":true}]},"8":{"line":70,"type":"binary-expr","locations":[{"start":{"line":70,"column":16},"end":{"line":70,"column":22},"skip":true},{"start":{"line":70,"column":27},"end":{"line":70,"column":32},"skip":true},{"start":{"line":71,"column":20},"end":{"line":71,"column":39},"skip":true},{"start":{"line":72,"column":20},"end":{"line":72,"column":49},"skip":true},{"start":{"line":73,"column":20},"end":{"line":73,"column":58},"skip":true},{"start":{"line":74,"column":20},"end":{"line":74,"column":69},"skip":true}]},"9":{"line":79,"type":"switch","locations":[{"start":{"line":80,"column":20},"end":{"line":80,"column":33},"skip":true},{"start":{"line":81,"column":20},"end":{"line":83,"column":30},"skip":true},{"start":{"line":84,"column":20},"end":{"line":85,"column":49},"skip":true}]},"10":{"line":89,"type":"switch","locations":[{"start":{"line":90,"column":12},"end":{"line":103,"column":22},"skip":true},{"start":{"line":105,"column":12},"end":{"line":106,"column":22},"skip":true}]},"11":{"line":89,"type":"binary-expr","locations":[{"start":{"line":89,"column":20},"end":{"line":89,"column":25},"skip":true},{"start":{"line":89,"column":29},"end":{"line":89,"column":48},"skip":true},{"start":{"line":89,"column":52},"end":{"line":89,"column":74},"skip":true}]},"12":{"line":92,"type":"if","locations":[{"start":{"line":92,"column":16},"end":{"line":92,"column":16},"skip":true},{"start":{"line":92,"column":16},"end":{"line":92,"column":16},"skip":true}]},"13":{"line":108,"type":"if","locations":[{"start":{"line":108,"column":12},"end":{"line":108,"column":12},"skip":true},{"start":{"line":108,"column":12},"end":{"line":108,"column":12},"skip":true}]},"14":{"line":108,"type":"binary-expr","locations":[{"start":{"line":108,"column":16},"end":{"line":108,"column":61},"skip":true},{"start":{"line":108,"column":66},"end":{"line":108,"column":72},"skip":true},{"start":{"line":108,"column":77},"end":{"line":108,"column":82},"skip":true},{"start":{"line":109,"column":20},"end":{"line":109,"column":39},"skip":true},{"start":{"line":110,"column":20},"end":{"line":110,"column":49},"skip":true},{"start":{"line":111,"column":20},"end":{"line":111,"column":58},"skip":true},{"start":{"line":112,"column":20},"end":{"line":112,"column":68},"skip":true}]},"15":{"line":129,"type":"if","locations":[{"start":{"line":129,"column":16},"end":{"line":129,"column":16},"skip":true},{"start":{"line":129,"column":16},"end":{"line":129,"column":16},"skip":true}]},"16":{"line":134,"type":"cond-expr","locations":[{"start":{"line":135,"column":26},"end":{"line":135,"column":29},"skip":true},{"start":{"line":136,"column":26},"end":{"line":136,"column":54},"skip":true}]},"17":{"line":164,"type":"binary-expr","locations":[{"start":{"line":164,"column":27},"end":{"line":164,"column":43},"skip":true},{"start":{"line":164,"column":47},"end":{"line":164,"column":49},"skip":true}]},"18":{"line":258,"type":"if","locations":[{"start":{"line":258,"column":8},"end":{"line":258,"column":8},"skip":true},{"start":{"line":258,"column":8},"end":{"line":258,"column":8},"skip":true}]},"19":{"line":275,"type":"switch","locations":[{"start":{"line":276,"column":20},"end":{"line":277,"column":64},"skip":true},{"start":{"line":278,"column":20},"end":{"line":279,"column":40},"skip":true},{"start":{"line":280,"column":20},"end":{"line":281,"column":40},"skip":true},{"start":{"line":282,"column":20},"end":{"line":283,"column":39},"skip":true}]},"20":{"line":288,"type":"if","locations":[{"start":{"line":288,"column":8},"end":{"line":288,"column":8},"skip":true},{"start":{"line":288,"column":8},"end":{"line":288,"column":8},"skip":true}]},"21":{"line":288,"type":"binary-expr","locations":[{"start":{"line":288,"column":12},"end":{"line":288,"column":40},"skip":true},{"start":{"line":288,"column":44},"end":{"line":288,"column":67},"skip":true}]},"22":{"line":292,"type":"binary-expr","locations":[{"start":{"line":292,"column":12},"end":{"line":292,"column":50},"skip":true},{"start":{"line":293,"column":12},"end":{"line":293,"column":53},"skip":true}]},"23":{"line":297,"type":"binary-expr","locations":[{"start":{"line":297,"column":12},"end":{"line":297,"column":67},"skip":true},{"start":{"line":298,"column":12},"end":{"line":301,"column":36},"skip":true}]},"24":{"line":303,"type":"binary-expr","locations":[{"start":{"line":303,"column":43},"end":{"line":303,"column":75},"skip":true},{"start":{"line":303,"column":79},"end":{"line":303,"column":81},"skip":true}]},"25":{"line":306,"type":"if","locations":[{"start":{"line":306,"column":8},"end":{"line":306,"column":8},"skip":true},{"start":{"line":306,"column":8},"end":{"line":306,"column":8},"skip":true}]},"26":{"line":310,"type":"if","locations":[{"start":{"line":310,"column":8},"end":{"line":310,"column":8},"skip":true},{"start":{"line":310,"column":8},"end":{"line":310,"column":8},"skip":true}]},"27":{"line":313,"type":"binary-expr","locations":[{"start":{"line":313,"column":27},"end":{"line":313,"column":43},"skip":true},{"start":{"line":313,"column":47},"end":{"line":313,"column":53},"skip":true}]},"28":{"line":317,"type":"if","locations":[{"start":{"line":317,"column":12},"end":{"line":317,"column":12},"skip":true},{"start":{"line":317,"column":12},"end":{"line":317,"column":12},"skip":true}]}},"code":["/*","example.js","","quickstart example","","instruction","    1. save this script as example.js","    2. run the shell command:","        $ npm install npmtest-convnetjs && PORT=8081 node example.js","    3. play with the browser-demo on http://127.0.0.1:8081","*/","","","","/* istanbul instrument in package npmtest_convnetjs */","/*jslint","    bitwise: true,","    browser: true,","    maxerr: 8,","    maxlen: 96,","    node: true,","    nomen: true,","    regexp: true,","    stupid: true","*/","(function () {","    'use strict';","    var local;","","","","    // run shared js-env code - pre-init","    (function () {","        // init local","        local = {};","        // init modeJs","        local.modeJs = (function () {","            try {","                return typeof navigator.userAgent === 'string' &&","                    typeof document.querySelector('body') === 'object' &&","                    typeof XMLHttpRequest.prototype.open === 'function' &&","                    'browser';","            } catch (errorCaughtBrowser) {","                return module.exports &&","                    typeof process.versions.node === 'string' &&","                    typeof require('http').createServer === 'function' &&","                    'node';","            }","        }());","        // init global","        local.global = local.modeJs === 'browser'","            ? window","            : global;","        // init utility2_rollup","        local = local.global.utility2_rollup || (local.modeJs === 'browser'","            ? local.global.utility2_npmtest_convnetjs","            : global.utility2_moduleExports);","        // export local","        local.global.local = local;","    }());","    switch (local.modeJs) {","","","","    // post-init","    // run browser js-env code - post-init","    /* istanbul ignore next */","    case 'browser':","        local.testRunBrowser = function (event) {","            if (!event || (event &&","                    event.currentTarget &&","                    event.currentTarget.className &&","                    event.currentTarget.className.includes &&","                    event.currentTarget.className.includes('onreset'))) {","                // reset output","                Array.from(","                    document.querySelectorAll('body > .resettable')","                ).forEach(function (element) {","                    switch (element.tagName) {","                    case 'INPUT':","                    case 'TEXTAREA':","                        element.value = '';","                        break;","                    default:","                        element.textContent = '';","                    }","                });","            }","            switch (event && event.currentTarget && event.currentTarget.id) {","            case 'testRunButton1':","                // show tests","                if (document.querySelector('#testReportDiv1').style.display === 'none') {","                    document.querySelector('#testReportDiv1').style.display = 'block';","                    document.querySelector('#testRunButton1').textContent =","                        'hide internal test';","                    local.modeTest = true;","                    local.testRunDefault(local);","                // hide tests","                } else {","                    document.querySelector('#testReportDiv1').style.display = 'none';","                    document.querySelector('#testRunButton1').textContent = 'run internal test';","                }","                break;","            // custom-case","            default:","                break;","            }","            if (document.querySelector('#inputTextareaEval1') && (!event || (event &&","                    event.currentTarget &&","                    event.currentTarget.className &&","                    event.currentTarget.className.includes &&","                    event.currentTarget.className.includes('oneval')))) {","                // try to eval input-code","                try {","                    /*jslint evil: true*/","                    eval(document.querySelector('#inputTextareaEval1').value);","                } catch (errorCaught) {","                    console.error(errorCaught);","                }","            }","        };","        // log stderr and stdout to #outputTextareaStdout1","        ['error', 'log'].forEach(function (key) {","            console[key + '_original'] = console[key];","            console[key] = function () {","                var element;","                console[key + '_original'].apply(console, arguments);","                element = document.querySelector('#outputTextareaStdout1');","                if (!element) {","                    return;","                }","                // append text to #outputTextareaStdout1","                element.value += Array.from(arguments).map(function (arg) {","                    return typeof arg === 'string'","                        ? arg","                        : JSON.stringify(arg, null, 4);","                }).join(' ') + '\\n';","                // scroll textarea to bottom","                element.scrollTop = element.scrollHeight;","            };","        });","        // init event-handling","        ['change', 'click', 'keyup'].forEach(function (event) {","            Array.from(document.querySelectorAll('.on' + event)).forEach(function (element) {","                element.addEventListener(event, local.testRunBrowser);","            });","        });","        // run tests","        local.testRunBrowser();","        break;","","","","    // run node js-env code - post-init","    /* istanbul ignore next */","    case 'node':","        // export local","        module.exports = local;","        // require modules","        local.fs = require('fs');","        local.http = require('http');","        local.url = require('url');","        // init assets","        local.assetsDict = local.assetsDict || {};","        /* jslint-ignore-begin */","        local.assetsDict['/assets.index.template.html'] = '\\","<!doctype html>\\n\\","<html lang=\"en\">\\n\\","<head>\\n\\","<meta charset=\"UTF-8\">\\n\\","<meta name=\"viewport\" content=\"width=device-width, initial-scale=1\">\\n\\","<title>{{env.npm_package_name}} (v{{env.npm_package_version}})</title>\\n\\","<style>\\n\\","/*csslint\\n\\","    box-sizing: false,\\n\\","    universal-selector: false\\n\\","*/\\n\\","* {\\n\\","    box-sizing: border-box;\\n\\","}\\n\\","body {\\n\\","    background: #dde;\\n\\","    font-family: Arial, Helvetica, sans-serif;\\n\\","    margin: 2rem;\\n\\","}\\n\\","body > * {\\n\\","    margin-bottom: 1rem;\\n\\","}\\n\\",".utility2FooterDiv {\\n\\","    margin-top: 20px;\\n\\","    text-align: center;\\n\\","}\\n\\","</style>\\n\\","<style>\\n\\","/*csslint\\n\\","*/\\n\\","textarea {\\n\\","    font-family: monospace;\\n\\","    height: 10rem;\\n\\","    width: 100%;\\n\\","}\\n\\","textarea[readonly] {\\n\\","    background: #ddd;\\n\\","}\\n\\","</style>\\n\\","</head>\\n\\","<body>\\n\\","<!-- utility2-comment\\n\\","<div id=\"ajaxProgressDiv1\" style=\"background: #d00; height: 2px; left: 0; margin: 0; padding: 0; position: fixed; top: 0; transition: background 0.5s, width 1.5s; width: 25%;\"></div>\\n\\","utility2-comment -->\\n\\","<h1>\\n\\","<!-- utility2-comment\\n\\","    <a\\n\\","        {{#if env.npm_package_homepage}}\\n\\","        href=\"{{env.npm_package_homepage}}\"\\n\\","        {{/if env.npm_package_homepage}}\\n\\","        target=\"_blank\"\\n\\","    >\\n\\","utility2-comment -->\\n\\","        {{env.npm_package_name}} (v{{env.npm_package_version}})\\n\\","<!-- utility2-comment\\n\\","    </a>\\n\\","utility2-comment -->\\n\\","</h1>\\n\\","<h3>{{env.npm_package_description}}</h3>\\n\\","<!-- utility2-comment\\n\\","<h4><a download href=\"assets.app.js\">download standalone app</a></h4>\\n\\","<button class=\"onclick onreset\" id=\"testRunButton1\">run internal test</button><br>\\n\\","<div id=\"testReportDiv1\" style=\"display: none;\"></div>\\n\\","utility2-comment -->\\n\\","\\n\\","\\n\\","\\n\\","<label>stderr and stdout</label>\\n\\","<textarea class=\"resettable\" id=\"outputTextareaStdout1\" readonly></textarea>\\n\\","<!-- utility2-comment\\n\\","{{#if isRollup}}\\n\\","<script src=\"assets.app.js\"></script>\\n\\","{{#unless isRollup}}\\n\\","utility2-comment -->\\n\\","<script src=\"assets.utility2.rollup.js\"></script>\\n\\","<script src=\"jsonp.utility2._stateInit?callback=window.utility2._stateInit\"></script>\\n\\","<script src=\"assets.npmtest_convnetjs.rollup.js\"></script>\\n\\","<script src=\"assets.example.js\"></script>\\n\\","<script src=\"assets.test.js\"></script>\\n\\","<!-- utility2-comment\\n\\","{{/if isRollup}}\\n\\","utility2-comment -->\\n\\","<div class=\"utility2FooterDiv\">\\n\\","    [ this app was created with\\n\\","    <a href=\"https://github.com/kaizhu256/node-utility2\" target=\"_blank\">utility2</a>\\n\\","    ]\\n\\","</div>\\n\\","</body>\\n\\","</html>\\n\\","';","        /* jslint-ignore-end */","        if (local.templateRender) {","            local.assetsDict['/'] = local.templateRender(","                local.assetsDict['/assets.index.template.html'],","                {","                    env: local.objectSetDefault(local.env, {","                        npm_package_description: 'the greatest app in the world!',","                        npm_package_name: 'my-app',","                        npm_package_nameAlias: 'my_app',","                        npm_package_version: '0.0.1'","                    })","                }","            );","        } else {","            local.assetsDict['/'] = local.assetsDict['/assets.index.template.html']","                .replace((/\\{\\{env\\.(\\w+?)\\}\\}/g), function (match0, match1) {","                    // jslint-hack","                    String(match0);","                    switch (match1) {","                    case 'npm_package_description':","                        return 'the greatest app in the world!';","                    case 'npm_package_name':","                        return 'my-app';","                    case 'npm_package_nameAlias':","                        return 'my_app';","                    case 'npm_package_version':","                        return '0.0.1';","                    }","                });","        }","        // run the cli","        if (local.global.utility2_rollup || module !== require.main) {","            break;","        }","        local.assetsDict['/assets.example.js'] =","            local.assetsDict['/assets.example.js'] ||","            local.fs.readFileSync(__filename, 'utf8');","        // bug-workaround - long $npm_package_buildCustomOrg","        /* jslint-ignore-begin */","        local.assetsDict['/assets.npmtest_convnetjs.rollup.js'] =","            local.assetsDict['/assets.npmtest_convnetjs.rollup.js'] ||","            local.fs.readFileSync(","                local.npmtest_convnetjs.__dirname + '/lib.npmtest_convnetjs.js',","                'utf8'","            ).replace((/^#!/), '//');","        /* jslint-ignore-end */","        local.assetsDict['/favicon.ico'] = local.assetsDict['/favicon.ico'] || '';","        // if $npm_config_timeout_exit exists,","        // then exit this process after $npm_config_timeout_exit ms","        if (Number(process.env.npm_config_timeout_exit)) {","            setTimeout(process.exit, Number(process.env.npm_config_timeout_exit));","        }","        // start server","        if (local.global.utility2_serverHttp1) {","            break;","        }","        process.env.PORT = process.env.PORT || '8081';","        console.error('server starting on port ' + process.env.PORT);","        local.http.createServer(function (request, response) {","            request.urlParsed = local.url.parse(request.url);","            if (local.assetsDict[request.urlParsed.pathname] !== undefined) {","                response.end(local.assetsDict[request.urlParsed.pathname]);","                return;","            }","            response.statusCode = 404;","            response.end();","        }).listen(process.env.PORT);","        break;","    }","}());",""],"l":{"26":2,"28":2,"33":2,"35":2,"37":2,"38":2,"39":2,"44":1,"51":2,"55":2,"59":2,"61":2,"69":1,"70":2,"76":2,"79":2,"82":2,"83":2,"85":1,"89":2,"92":1,"93":1,"94":1,"96":1,"97":1,"100":1,"101":1,"103":1,"106":1,"108":2,"114":1,"116":1,"118":1,"123":1,"124":2,"125":2,"126":3,"127":3,"128":3,"129":3,"130":1,"133":3,"134":3,"139":3,"143":1,"144":3,"145":1,"149":1,"150":1,"158":1,"160":1,"161":1,"162":1,"164":1,"166":1,"258":1,"259":1,"271":1,"274":6,"275":6,"277":1,"279":2,"281":1,"283":2,"288":1,"289":1,"291":1,"296":1,"303":1,"306":1,"307":1,"310":1,"311":1,"313":1,"314":1,"315":1,"316":1,"317":1,"318":1,"319":1,"321":1,"322":1,"324":1}},"/home/travis/build/npmtest/node-npmtest-convnetjs/node_modules/convnetjs/build/convnet.js":{"path":"/home/travis/build/npmtest/node-npmtest-convnetjs/node_modules/convnetjs/build/convnet.js","s":{"1":1,"2":1,"3":1,"4":1,"5":1,"6":0,"7":0,"8":0,"9":0,"10":0,"11":0,"12":0,"13":0,"14":0,"15":0,"16":0,"17":0,"18":1,"19":0,"20":1,"21":0,"22":1,"23":0,"24":1,"25":0,"26":0,"27":0,"28":0,"29":0,"30":0,"31":0,"32":0,"33":1,"34":0,"35":0,"36":0,"37":0,"38":1,"39":0,"40":0,"41":0,"42":0,"43":0,"44":1,"45":0,"46":0,"47":0,"48":0,"49":0,"50":0,"51":0,"52":0,"53":0,"54":0,"55":0,"56":0,"57":0,"58":0,"59":0,"60":1,"61":0,"62":0,"63":0,"64":0,"65":0,"66":0,"67":0,"68":0,"69":0,"70":0,"71":1,"72":0,"73":0,"74":0,"75":0,"76":0,"77":0,"78":1,"79":0,"80":1,"81":1,"82":1,"83":1,"84":1,"85":1,"86":1,"87":1,"88":1,"89":1,"90":1,"91":1,"92":0,"93":0,"94":0,"95":0,"96":0,"97":0,"98":0,"99":0,"100":0,"101":0,"102":0,"103":0,"104":0,"105":0,"106":0,"107":0,"108":0,"109":0,"110":0,"111":0,"112":1,"113":0,"114":0,"115":0,"116":0,"117":0,"118":0,"119":0,"120":0,"121":0,"122":0,"123":0,"124":0,"125":0,"126":0,"127":0,"128":0,"129":0,"130":0,"131":0,"132":0,"133":0,"134":0,"135":0,"136":0,"137":0,"138":0,"139":0,"140":0,"141":0,"142":0,"143":0,"144":0,"145":0,"146":0,"147":0,"148":0,"149":0,"150":0,"151":1,"152":1,"153":1,"154":1,"155":0,"156":0,"157":0,"158":0,"159":0,"160":0,"161":0,"162":0,"163":0,"164":0,"165":0,"166":0,"167":0,"168":0,"169":0,"170":0,"171":0,"172":0,"173":0,"174":0,"175":0,"176":0,"177":0,"178":0,"179":1,"180":0,"181":0,"182":0,"183":0,"184":0,"185":0,"186":0,"187":0,"188":0,"189":0,"190":0,"191":0,"192":0,"193":0,"194":0,"195":0,"196":0,"197":0,"198":0,"199":0,"200":0,"201":0,"202":0,"203":0,"204":0,"205":0,"206":0,"207":0,"208":0,"209":0,"210":0,"211":1,"212":1,"213":1,"214":1,"215":1,"216":0,"217":0,"218":0,"219":0,"220":0,"221":0,"222":0,"223":0,"224":0,"225":0,"226":0,"227":0,"228":0,"229":0,"230":0,"231":0,"232":0,"233":0,"234":0,"235":1,"236":0,"237":0,"238":0,"239":0,"240":0,"241":0,"242":0,"243":0,"244":0,"245":0,"246":0,"247":0,"248":0,"249":0,"250":0,"251":0,"252":0,"253":0,"254":0,"255":0,"256":0,"257":0,"258":0,"259":0,"260":0,"261":0,"262":0,"263":0,"264":0,"265":0,"266":0,"267":0,"268":0,"269":0,"270":0,"271":0,"272":0,"273":0,"274":0,"275":0,"276":0,"277":0,"278":0,"279":0,"280":0,"281":0,"282":0,"283":0,"284":0,"285":0,"286":0,"287":0,"288":0,"289":0,"290":0,"291":0,"292":0,"293":0,"294":0,"295":0,"296":0,"297":0,"298":0,"299":0,"300":0,"301":0,"302":0,"303":0,"304":0,"305":0,"306":0,"307":0,"308":0,"309":0,"310":0,"311":0,"312":0,"313":0,"314":0,"315":0,"316":0,"317":0,"318":1,"319":0,"320":0,"321":0,"322":0,"323":0,"324":0,"325":0,"326":0,"327":0,"328":0,"329":0,"330":0,"331":0,"332":1,"333":0,"334":0,"335":0,"336":0,"337":0,"338":0,"339":0,"340":0,"341":0,"342":0,"343":0,"344":0,"345":0,"346":0,"347":0,"348":0,"349":0,"350":0,"351":0,"352":0,"353":0,"354":0,"355":0,"356":0,"357":0,"358":0,"359":0,"360":0,"361":0,"362":0,"363":0,"364":0,"365":0,"366":0,"367":0,"368":0,"369":0,"370":0,"371":0,"372":0,"373":0,"374":0,"375":0,"376":0,"377":0,"378":0,"379":0,"380":0,"381":0,"382":0,"383":0,"384":0,"385":0,"386":1,"387":1,"388":1,"389":1,"390":1,"391":0,"392":0,"393":0,"394":0,"395":0,"396":0,"397":0,"398":0,"399":0,"400":0,"401":0,"402":0,"403":0,"404":0,"405":1,"406":0,"407":0,"408":0,"409":0,"410":0,"411":0,"412":0,"413":0,"414":0,"415":0,"416":0,"417":0,"418":0,"419":0,"420":0,"421":0,"422":0,"423":0,"424":0,"425":0,"426":0,"427":0,"428":0,"429":0,"430":0,"431":0,"432":0,"433":0,"434":0,"435":0,"436":0,"437":0,"438":0,"439":0,"440":0,"441":0,"442":0,"443":0,"444":0,"445":0,"446":0,"447":0,"448":0,"449":0,"450":0,"451":0,"452":0,"453":0,"454":0,"455":0,"456":0,"457":0,"458":0,"459":0,"460":0,"461":0,"462":0,"463":0,"464":0,"465":0,"466":0,"467":0,"468":0,"469":1,"470":1,"471":1,"472":1,"473":0,"474":0,"475":0,"476":0,"477":0,"478":1,"479":0,"480":0,"481":0,"482":0,"483":0,"484":0,"485":0,"486":0,"487":0,"488":0,"489":0,"490":0,"491":0,"492":0,"493":1,"494":1,"495":1,"496":1,"497":0,"498":0,"499":0,"500":0,"501":0,"502":0,"503":1,"504":0,"505":0,"506":0,"507":0,"508":0,"509":0,"510":0,"511":0,"512":0,"513":0,"514":0,"515":0,"516":0,"517":0,"518":0,"519":0,"520":0,"521":0,"522":0,"523":0,"524":0,"525":0,"526":0,"527":0,"528":0,"529":0,"530":0,"531":0,"532":0,"533":0,"534":0,"535":0,"536":0,"537":0,"538":0,"539":0,"540":0,"541":0,"542":0,"543":1,"544":0,"545":0,"546":0,"547":0,"548":0,"549":0,"550":1,"551":0,"552":0,"553":0,"554":0,"555":0,"556":0,"557":0,"558":0,"559":0,"560":0,"561":0,"562":0,"563":0,"564":0,"565":0,"566":0,"567":0,"568":0,"569":0,"570":0,"571":0,"572":0,"573":0,"574":0,"575":0,"576":0,"577":0,"578":0,"579":0,"580":0,"581":1,"582":0,"583":0,"584":0,"585":0,"586":0,"587":0,"588":1,"589":0,"590":0,"591":0,"592":0,"593":0,"594":0,"595":0,"596":0,"597":0,"598":0,"599":0,"600":0,"601":0,"602":0,"603":0,"604":0,"605":0,"606":0,"607":0,"608":0,"609":0,"610":0,"611":0,"612":0,"613":0,"614":0,"615":0,"616":1,"617":1,"618":1,"619":1,"620":1,"621":1,"622":0,"623":0,"624":0,"625":0,"626":0,"627":1,"628":0,"629":0,"630":0,"631":0,"632":0,"633":0,"634":0,"635":0,"636":0,"637":0,"638":0,"639":0,"640":0,"641":0,"642":0,"643":0,"644":0,"645":0,"646":0,"647":0,"648":0,"649":0,"650":0,"651":0,"652":0,"653":0,"654":0,"655":0,"656":1,"657":0,"658":0,"659":0,"660":0,"661":0,"662":1,"663":0,"664":0,"665":0,"666":0,"667":0,"668":0,"669":0,"670":0,"671":0,"672":0,"673":0,"674":0,"675":0,"676":0,"677":0,"678":0,"679":0,"680":0,"681":0,"682":0,"683":0,"684":0,"685":0,"686":0,"687":0,"688":0,"689":0,"690":1,"691":0,"692":0,"693":0,"694":0,"695":0,"696":0,"697":0,"698":1,"699":0,"700":0,"701":0,"702":0,"703":0,"704":0,"705":0,"706":0,"707":0,"708":0,"709":0,"710":0,"711":0,"712":0,"713":0,"714":0,"715":0,"716":0,"717":0,"718":0,"719":0,"720":0,"721":0,"722":0,"723":0,"724":0,"725":0,"726":0,"727":0,"728":0,"729":0,"730":0,"731":0,"732":0,"733":0,"734":0,"735":0,"736":0,"737":0,"738":0,"739":0,"740":0,"741":0,"742":0,"743":0,"744":0,"745":0,"746":0,"747":0,"748":0,"749":0,"750":0,"751":0,"752":0,"753":0,"754":0,"755":0,"756":0,"757":0,"758":0,"759":0,"760":1,"761":0,"762":0,"763":1,"764":0,"765":0,"766":0,"767":0,"768":0,"769":1,"770":0,"771":0,"772":0,"773":0,"774":0,"775":0,"776":0,"777":0,"778":0,"779":0,"780":0,"781":0,"782":0,"783":0,"784":0,"785":0,"786":0,"787":0,"788":0,"789":0,"790":0,"791":0,"792":0,"793":0,"794":0,"795":1,"796":1,"797":1,"798":1,"799":1,"800":1,"801":1,"802":0,"803":0,"804":0,"805":0,"806":0,"807":0,"808":0,"809":1,"810":0,"811":0,"812":0,"813":0,"814":0,"815":0,"816":0,"817":0,"818":0,"819":0,"820":0,"821":0,"822":0,"823":0,"824":0,"825":0,"826":0,"827":0,"828":0,"829":0,"830":0,"831":0,"832":0,"833":0,"834":0,"835":0,"836":0,"837":0,"838":0,"839":0,"840":0,"841":0,"842":0,"843":0,"844":0,"845":1,"846":1,"847":1,"848":1,"849":0,"850":0,"851":0,"852":0,"853":0,"854":0,"855":0,"856":0,"857":0,"858":0,"859":0,"860":1,"861":0,"862":0,"863":0,"864":0,"865":0,"866":0,"867":0,"868":0,"869":0,"870":0,"871":0,"872":0,"873":0,"874":0,"875":0,"876":0,"877":0,"878":0,"879":0,"880":0,"881":0,"882":0,"883":0,"884":0,"885":0,"886":0,"887":0,"888":0,"889":0,"890":0,"891":0,"892":0,"893":0,"894":0,"895":0,"896":0,"897":0,"898":0,"899":0,"900":0,"901":0,"902":0,"903":0,"904":0,"905":0,"906":0,"907":0,"908":0,"909":0,"910":0,"911":0,"912":0,"913":0,"914":0,"915":0,"916":0,"917":0,"918":1,"919":1,"920":1,"921":1,"922":0,"923":0,"924":0,"925":0,"926":0,"927":1,"928":0,"929":0,"930":0,"931":0,"932":0,"933":0,"934":0,"935":0,"936":0,"937":0,"938":0,"939":0,"940":0,"941":0,"942":0,"943":0,"944":0,"945":0,"946":0,"947":0,"948":0,"949":0,"950":0,"951":0,"952":0,"953":0,"954":0,"955":0,"956":0,"957":0,"958":0,"959":0,"960":0,"961":0,"962":0,"963":0,"964":0,"965":0,"966":0,"967":0,"968":1,"969":1,"970":1,"971":1,"972":0,"973":1,"974":0,"975":0,"976":0,"977":0,"978":0,"979":0,"980":0,"981":0,"982":0,"983":0,"984":0,"985":0,"986":0,"987":0,"988":0,"989":0,"990":0,"991":0,"992":0,"993":0,"994":0,"995":0,"996":0,"997":0,"998":0,"999":0,"1000":0,"1001":0,"1002":0,"1003":0,"1004":0,"1005":0,"1006":0,"1007":0,"1008":0,"1009":0,"1010":0,"1011":0,"1012":0,"1013":0,"1014":0,"1015":0,"1016":0,"1017":0,"1018":0,"1019":0,"1020":0,"1021":0,"1022":0,"1023":0,"1024":0,"1025":0,"1026":0,"1027":0,"1028":0,"1029":0,"1030":0,"1031":0,"1032":0,"1033":0,"1034":0,"1035":0,"1036":0,"1037":0,"1038":0,"1039":0,"1040":0,"1041":0,"1042":0,"1043":0,"1044":0,"1045":0,"1046":0,"1047":0,"1048":0,"1049":0,"1050":0,"1051":0,"1052":0,"1053":0,"1054":0,"1055":0,"1056":0,"1057":0,"1058":0,"1059":0,"1060":0,"1061":0,"1062":0,"1063":0,"1064":0,"1065":0,"1066":0,"1067":0,"1068":0,"1069":0,"1070":0,"1071":0,"1072":0,"1073":0,"1074":0,"1075":0,"1076":0,"1077":0,"1078":0,"1079":0,"1080":0,"1081":0,"1082":0,"1083":0,"1084":0,"1085":0,"1086":0,"1087":0,"1088":0,"1089":0,"1090":0,"1091":0,"1092":0,"1093":0,"1094":0,"1095":0,"1096":0,"1097":0,"1098":0,"1099":0,"1100":0,"1101":0,"1102":0,"1103":0,"1104":0,"1105":0,"1106":0,"1107":0,"1108":0,"1109":0,"1110":0,"1111":0,"1112":0,"1113":1,"1114":1,"1115":1,"1116":1,"1117":0,"1118":0,"1119":0,"1120":0,"1121":0,"1122":0,"1123":0,"1124":0,"1125":0,"1126":0,"1127":0,"1128":0,"1129":0,"1130":1,"1131":0,"1132":0,"1133":0,"1134":0,"1135":0,"1136":0,"1137":0,"1138":0,"1139":0,"1140":0,"1141":0,"1142":0,"1143":0,"1144":0,"1145":0,"1146":0,"1147":0,"1148":0,"1149":0,"1150":0,"1151":0,"1152":0,"1153":0,"1154":0,"1155":0,"1156":0,"1157":0,"1158":0,"1159":0,"1160":0,"1161":0,"1162":0,"1163":0,"1164":0,"1165":0,"1166":0,"1167":0,"1168":0,"1169":0,"1170":0,"1171":0,"1172":0,"1173":0,"1174":0,"1175":0,"1176":0,"1177":0,"1178":0,"1179":0,"1180":0,"1181":0,"1182":0,"1183":0,"1184":0,"1185":0,"1186":0,"1187":1,"1188":1,"1189":1,"1190":1,"1191":1,"1192":1,"1193":1,"1194":1,"1195":1,"1196":1,"1197":1,"1198":1,"1199":1,"1200":0,"1201":0,"1202":0,"1203":0,"1204":0,"1205":0,"1206":0,"1207":0,"1208":0,"1209":0,"1210":0,"1211":0,"1212":0,"1213":0,"1214":0,"1215":0,"1216":0,"1217":0,"1218":0,"1219":0,"1220":0,"1221":0,"1222":0,"1223":0,"1224":0,"1225":0,"1226":0,"1227":0,"1228":0,"1229":0,"1230":0,"1231":0,"1232":0,"1233":1,"1234":0,"1235":0,"1236":0,"1237":0,"1238":0,"1239":0,"1240":0,"1241":0,"1242":0,"1243":0,"1244":0,"1245":0,"1246":0,"1247":0,"1248":0,"1249":0,"1250":0,"1251":0,"1252":0,"1253":0,"1254":0,"1255":0,"1256":0,"1257":0,"1258":0,"1259":0,"1260":0,"1261":0,"1262":0,"1263":0,"1264":0,"1265":0,"1266":0,"1267":0,"1268":0,"1269":0,"1270":0,"1271":0,"1272":0,"1273":0,"1274":0,"1275":0,"1276":0,"1277":0,"1278":0,"1279":0,"1280":0,"1281":0,"1282":0,"1283":0,"1284":0,"1285":0,"1286":0,"1287":0,"1288":0,"1289":0,"1290":0,"1291":0,"1292":0,"1293":0,"1294":0,"1295":0,"1296":0,"1297":0,"1298":0,"1299":0,"1300":0,"1301":0,"1302":0,"1303":0,"1304":0,"1305":0,"1306":0,"1307":0,"1308":0,"1309":0,"1310":0,"1311":0,"1312":0,"1313":0,"1314":0,"1315":0,"1316":0,"1317":0,"1318":0,"1319":0,"1320":0,"1321":0,"1322":0,"1323":0,"1324":0,"1325":0,"1326":0,"1327":0,"1328":0,"1329":0,"1330":0,"1331":0,"1332":0,"1333":0,"1334":0,"1335":0,"1336":0,"1337":0,"1338":0,"1339":0,"1340":0,"1341":0,"1342":0,"1343":0,"1344":0,"1345":0,"1346":0,"1347":0,"1348":0,"1349":0,"1350":0,"1351":0,"1352":0,"1353":0,"1354":0,"1355":0,"1356":0,"1357":0,"1358":0,"1359":0,"1360":0,"1361":0,"1362":0,"1363":0,"1364":0,"1365":0,"1366":1,"1367":1,"1368":1,"1369":0,"1370":1},"b":{"1":[1,1],"2":[0,0],"3":[0,0],"4":[0,0],"5":[0,0],"6":[0,0],"7":[0,0],"8":[0,0],"9":[0,0],"10":[0,0],"11":[0,0],"12":[0,0],"13":[0,0],"14":[0,0],"15":[0,0],"16":[0,0],"17":[0,0],"18":[0,0],"19":[0,0],"20":[0,0],"21":[0,0,0],"22":[0,0],"23":[0,0,0,0],"24":[0,0],"25":[0,0],"26":[0,0],"27":[0,0],"28":[0,0],"29":[0,0],"30":[0,0],"31":[0,0],"32":[0,0],"33":[0,0],"34":[0,0],"35":[0,0],"36":[0,0],"37":[0,0,0,0],"38":[0,0],"39":[0,0,0,0],"40":[0,0],"41":[0,0],"42":[0,0],"43":[0,0],"44":[0,0],"45":[0,0],"46":[0,0],"47":[0,0],"48":[0,0],"49":[0,0],"50":[0,0],"51":[0,0],"52":[0,0],"53":[0,0],"54":[0,0],"55":[0,0,0,0],"56":[0,0],"57":[0,0],"58":[0,0],"59":[0,0],"60":[0,0],"61":[0,0],"62":[0,0],"63":[0,0],"64":[0,0],"65":[0,0],"66":[0,0],"67":[0,0],"68":[0,0],"69":[0,0],"70":[0,0],"71":[0,0],"72":[0,0],"73":[0,0],"74":[0,0],"75":[0,0],"76":[0,0],"77":[0,0],"78":[0,0],"79":[0,0],"80":[0,0],"81":[0,0],"82":[0,0],"83":[0,0],"84":[0,0],"85":[0,0],"86":[0,0],"87":[0,0],"88":[0,0],"89":[0,0],"90":[0,0],"91":[0,0],"92":[0,0],"93":[0,0],"94":[0,0],"95":[0,0],"96":[0,0],"97":[0,0],"98":[0,0],"99":[0,0],"100":[0,0],"101":[0,0,0],"102":[0,0],"103":[0,0],"104":[0,0],"105":[0,0],"106":[0,0],"107":[0,0],"108":[0,0],"109":[0,0],"110":[0,0],"111":[0,0],"112":[0,0],"113":[0,0],"114":[0,0],"115":[0,0,0,0,0,0,0,0,0,0,0,0,0,0,0],"116":[0,0],"117":[0,0],"118":[0,0],"119":[0,0],"120":[0,0],"121":[0,0],"122":[0,0],"123":[0,0],"124":[0,0],"125":[0,0],"126":[0,0],"127":[0,0],"128":[0,0],"129":[0,0],"130":[0,0],"131":[0,0],"132":[0,0],"133":[0,0],"134":[0,0],"135":[0,0],"136":[0,0],"137":[0,0],"138":[0,0],"139":[0,0],"140":[0,0],"141":[0,0],"142":[0,0],"143":[0,0,0],"144":[0,0],"145":[0,0],"146":[0,0],"147":[0,0],"148":[0,0],"149":[0,0],"150":[0,0],"151":[0,0],"152":[0,0],"153":[0,0],"154":[0,0],"155":[0,0],"156":[0,0],"157":[0,0],"158":[0,0],"159":[0,0],"160":[0,0],"161":[0,0],"162":[0,0],"163":[0,0],"164":[0,0],"165":[0,0],"166":[0,0],"167":[0,0],"168":[0,0],"169":[0,1],"170":[1,1]},"f":{"1":1,"2":0,"3":0,"4":0,"5":0,"6":0,"7":0,"8":0,"9":0,"10":0,"11":0,"12":0,"13":1,"14":0,"15":0,"16":0,"17":0,"18":0,"19":0,"20":0,"21":0,"22":0,"23":0,"24":0,"25":0,"26":0,"27":0,"28":1,"29":0,"30":0,"31":1,"32":0,"33":0,"34":0,"35":0,"36":0,"37":0,"38":0,"39":0,"40":0,"41":0,"42":0,"43":0,"44":1,"45":0,"46":0,"47":0,"48":0,"49":0,"50":0,"51":1,"52":0,"53":0,"54":0,"55":0,"56":0,"57":0,"58":1,"59":0,"60":0,"61":0,"62":0,"63":0,"64":0,"65":0,"66":0,"67":0,"68":0,"69":0,"70":0,"71":0,"72":0,"73":0,"74":0,"75":0,"76":0,"77":1,"78":0,"79":0,"80":0,"81":0,"82":0,"83":0,"84":0,"85":0,"86":0,"87":0,"88":0,"89":0,"90":0,"91":0,"92":0,"93":0,"94":0,"95":0,"96":0,"97":0,"98":0,"99":0,"100":0,"101":0,"102":0,"103":1,"104":0,"105":0,"106":0,"107":0,"108":0,"109":0,"110":1,"111":0,"112":0,"113":0,"114":0,"115":0,"116":0,"117":1,"118":0,"119":0,"120":0,"121":0,"122":0,"123":0,"124":1,"125":0,"126":0,"127":0,"128":0,"129":0,"130":0,"131":0,"132":0,"133":0,"134":1,"135":0,"136":0,"137":1,"138":0,"139":0,"140":0,"141":0,"142":0,"143":0,"144":0,"145":0,"146":0,"147":0,"148":0,"149":0,"150":0,"151":1},"fnMap":{"1":{"name":"(anonymous_1)","line":2,"loc":{"start":{"line":2,"column":1},"end":{"line":2,"column":18}}},"2":{"name":"(anonymous_2)","line":8,"loc":{"start":{"line":8,"column":20},"end":{"line":8,"column":31}}},"3":{"name":"(anonymous_3)","line":22,"loc":{"start":{"line":22,"column":14},"end":{"line":22,"column":29}}},"4":{"name":"(anonymous_4)","line":23,"loc":{"start":{"line":23,"column":14},"end":{"line":23,"column":29}}},"5":{"name":"(anonymous_5)","line":24,"loc":{"start":{"line":24,"column":14},"end":{"line":24,"column":31}}},"6":{"name":"(anonymous_6)","line":27,"loc":{"start":{"line":27,"column":14},"end":{"line":27,"column":26}}},"7":{"name":"(anonymous_7)","line":39,"loc":{"start":{"line":39,"column":20},"end":{"line":39,"column":39}}},"8":{"name":"(anonymous_8)","line":46,"loc":{"start":{"line":46,"column":18},"end":{"line":46,"column":32}}},"9":{"name":"(anonymous_9)","line":57,"loc":{"start":{"line":57,"column":15},"end":{"line":57,"column":27}}},"10":{"name":"(anonymous_10)","line":72,"loc":{"start":{"line":72,"column":17},"end":{"line":72,"column":29}}},"11":{"name":"(anonymous_11)","line":89,"loc":{"start":{"line":89,"column":23},"end":{"line":89,"column":44}}},"12":{"name":"(anonymous_12)","line":99,"loc":{"start":{"line":99,"column":15},"end":{"line":99,"column":56}}},"13":{"name":"(anonymous_13)","line":115,"loc":{"start":{"line":115,"column":1},"end":{"line":115,"column":18}}},"14":{"name":"(anonymous_14)","line":125,"loc":{"start":{"line":125,"column":12},"end":{"line":125,"column":39}}},"15":{"name":"(anonymous_15)","line":164,"loc":{"start":{"line":164,"column":9},"end":{"line":164,"column":27}}},"16":{"name":"(anonymous_16)","line":168,"loc":{"start":{"line":168,"column":9},"end":{"line":168,"column":30}}},"17":{"name":"(anonymous_17)","line":172,"loc":{"start":{"line":172,"column":9},"end":{"line":172,"column":30}}},"18":{"name":"(anonymous_18)","line":176,"loc":{"start":{"line":176,"column":14},"end":{"line":176,"column":32}}},"19":{"name":"(anonymous_19)","line":180,"loc":{"start":{"line":180,"column":14},"end":{"line":180,"column":35}}},"20":{"name":"(anonymous_20)","line":184,"loc":{"start":{"line":184,"column":14},"end":{"line":184,"column":35}}},"21":{"name":"(anonymous_21)","line":188,"loc":{"start":{"line":188,"column":18},"end":{"line":188,"column":29}}},"22":{"name":"(anonymous_22)","line":189,"loc":{"start":{"line":189,"column":11},"end":{"line":189,"column":22}}},"23":{"name":"(anonymous_23)","line":195,"loc":{"start":{"line":195,"column":13},"end":{"line":195,"column":25}}},"24":{"name":"(anonymous_24)","line":196,"loc":{"start":{"line":196,"column":19},"end":{"line":196,"column":34}}},"25":{"name":"(anonymous_25)","line":197,"loc":{"start":{"line":197,"column":14},"end":{"line":197,"column":26}}},"26":{"name":"(anonymous_26)","line":199,"loc":{"start":{"line":199,"column":12},"end":{"line":199,"column":23}}},"27":{"name":"(anonymous_27)","line":209,"loc":{"start":{"line":209,"column":14},"end":{"line":209,"column":29}}},"28":{"name":"(anonymous_28)","line":226,"loc":{"start":{"line":226,"column":1},"end":{"line":226,"column":18}}},"29":{"name":"(anonymous_29)","line":235,"loc":{"start":{"line":235,"column":16},"end":{"line":235,"column":50}}},"30":{"name":"(anonymous_30)","line":274,"loc":{"start":{"line":274,"column":19},"end":{"line":274,"column":52}}},"31":{"name":"(anonymous_31)","line":334,"loc":{"start":{"line":334,"column":1},"end":{"line":334,"column":18}}},"32":{"name":"(anonymous_32)","line":344,"loc":{"start":{"line":344,"column":18},"end":{"line":344,"column":32}}},"33":{"name":"(anonymous_33)","line":376,"loc":{"start":{"line":376,"column":13},"end":{"line":376,"column":38}}},"34":{"name":"(anonymous_34)","line":412,"loc":{"start":{"line":412,"column":14},"end":{"line":412,"column":25}}},"35":{"name":"(anonymous_35)","line":451,"loc":{"start":{"line":451,"column":23},"end":{"line":451,"column":34}}},"36":{"name":"(anonymous_36)","line":459,"loc":{"start":{"line":459,"column":12},"end":{"line":459,"column":23}}},"37":{"name":"(anonymous_37)","line":479,"loc":{"start":{"line":479,"column":14},"end":{"line":479,"column":29}}},"38":{"name":"(anonymous_38)","line":502,"loc":{"start":{"line":502,"column":23},"end":{"line":502,"column":37}}},"39":{"name":"(anonymous_39)","line":527,"loc":{"start":{"line":527,"column":13},"end":{"line":527,"column":38}}},"40":{"name":"(anonymous_40)","line":543,"loc":{"start":{"line":543,"column":14},"end":{"line":543,"column":25}}},"41":{"name":"(anonymous_41)","line":558,"loc":{"start":{"line":558,"column":23},"end":{"line":558,"column":34}}},"42":{"name":"(anonymous_42)","line":566,"loc":{"start":{"line":566,"column":12},"end":{"line":566,"column":23}}},"43":{"name":"(anonymous_43)","line":582,"loc":{"start":{"line":582,"column":14},"end":{"line":582,"column":29}}},"44":{"name":"(anonymous_44)","line":605,"loc":{"start":{"line":605,"column":1},"end":{"line":605,"column":18}}},"45":{"name":"(anonymous_45)","line":609,"loc":{"start":{"line":609,"column":18},"end":{"line":609,"column":32}}},"46":{"name":"(anonymous_46)","line":635,"loc":{"start":{"line":635,"column":13},"end":{"line":635,"column":38}}},"47":{"name":"(anonymous_47)","line":674,"loc":{"start":{"line":674,"column":14},"end":{"line":674,"column":25}}},"48":{"name":"(anonymous_48)","line":697,"loc":{"start":{"line":697,"column":23},"end":{"line":697,"column":34}}},"49":{"name":"(anonymous_49)","line":700,"loc":{"start":{"line":700,"column":12},"end":{"line":700,"column":23}}},"50":{"name":"(anonymous_50)","line":713,"loc":{"start":{"line":713,"column":14},"end":{"line":713,"column":29}}},"51":{"name":"(anonymous_51)","line":732,"loc":{"start":{"line":732,"column":1},"end":{"line":732,"column":18}}},"52":{"name":"(anonymous_52)","line":736,"loc":{"start":{"line":736,"column":19},"end":{"line":736,"column":33}}},"53":{"name":"(anonymous_53)","line":746,"loc":{"start":{"line":746,"column":13},"end":{"line":746,"column":38}}},"54":{"name":"(anonymous_54)","line":751,"loc":{"start":{"line":751,"column":14},"end":{"line":751,"column":25}}},"55":{"name":"(anonymous_55)","line":752,"loc":{"start":{"line":752,"column":23},"end":{"line":752,"column":34}}},"56":{"name":"(anonymous_56)","line":755,"loc":{"start":{"line":755,"column":12},"end":{"line":755,"column":23}}},"57":{"name":"(anonymous_57)","line":763,"loc":{"start":{"line":763,"column":14},"end":{"line":763,"column":29}}},"58":{"name":"(anonymous_58)","line":773,"loc":{"start":{"line":773,"column":1},"end":{"line":773,"column":18}}},"59":{"name":"(anonymous_59)","line":786,"loc":{"start":{"line":786,"column":21},"end":{"line":786,"column":35}}},"60":{"name":"(anonymous_60)","line":798,"loc":{"start":{"line":798,"column":13},"end":{"line":798,"column":38}}},"61":{"name":"(anonymous_61)","line":829,"loc":{"start":{"line":829,"column":14},"end":{"line":829,"column":26}}},"62":{"name":"(anonymous_62)","line":844,"loc":{"start":{"line":844,"column":23},"end":{"line":844,"column":34}}},"63":{"name":"(anonymous_63)","line":847,"loc":{"start":{"line":847,"column":12},"end":{"line":847,"column":23}}},"64":{"name":"(anonymous_64)","line":856,"loc":{"start":{"line":856,"column":14},"end":{"line":856,"column":29}}},"65":{"name":"(anonymous_65)","line":868,"loc":{"start":{"line":868,"column":24},"end":{"line":868,"column":38}}},"66":{"name":"(anonymous_66)","line":880,"loc":{"start":{"line":880,"column":13},"end":{"line":880,"column":38}}},"67":{"name":"(anonymous_67)","line":886,"loc":{"start":{"line":886,"column":14},"end":{"line":886,"column":26}}},"68":{"name":"(anonymous_68)","line":909,"loc":{"start":{"line":909,"column":23},"end":{"line":909,"column":34}}},"69":{"name":"(anonymous_69)","line":912,"loc":{"start":{"line":912,"column":12},"end":{"line":912,"column":23}}},"70":{"name":"(anonymous_70)","line":921,"loc":{"start":{"line":921,"column":14},"end":{"line":921,"column":29}}},"71":{"name":"(anonymous_71)","line":930,"loc":{"start":{"line":930,"column":17},"end":{"line":930,"column":31}}},"72":{"name":"(anonymous_72)","line":942,"loc":{"start":{"line":942,"column":13},"end":{"line":942,"column":38}}},"73":{"name":"(anonymous_73)","line":947,"loc":{"start":{"line":947,"column":14},"end":{"line":947,"column":26}}},"74":{"name":"(anonymous_74)","line":971,"loc":{"start":{"line":971,"column":23},"end":{"line":971,"column":34}}},"75":{"name":"(anonymous_75)","line":974,"loc":{"start":{"line":974,"column":12},"end":{"line":974,"column":23}}},"76":{"name":"(anonymous_76)","line":983,"loc":{"start":{"line":983,"column":14},"end":{"line":983,"column":29}}},"77":{"name":"(anonymous_77)","line":998,"loc":{"start":{"line":998,"column":1},"end":{"line":998,"column":18}}},"78":{"name":"(anonymous_78)","line":1005,"loc":{"start":{"line":1005,"column":18},"end":{"line":1005,"column":32}}},"79":{"name":"(anonymous_79)","line":1015,"loc":{"start":{"line":1015,"column":13},"end":{"line":1015,"column":38}}},"80":{"name":"(anonymous_80)","line":1026,"loc":{"start":{"line":1026,"column":14},"end":{"line":1026,"column":25}}},"81":{"name":"(anonymous_81)","line":1036,"loc":{"start":{"line":1036,"column":23},"end":{"line":1036,"column":34}}},"82":{"name":"(anonymous_82)","line":1039,"loc":{"start":{"line":1039,"column":12},"end":{"line":1039,"column":23}}},"83":{"name":"(anonymous_83)","line":1047,"loc":{"start":{"line":1047,"column":14},"end":{"line":1047,"column":29}}},"84":{"name":"(anonymous_84)","line":1058,"loc":{"start":{"line":1058,"column":21},"end":{"line":1058,"column":35}}},"85":{"name":"(anonymous_85)","line":1068,"loc":{"start":{"line":1068,"column":13},"end":{"line":1068,"column":38}}},"86":{"name":"(anonymous_86)","line":1080,"loc":{"start":{"line":1080,"column":14},"end":{"line":1080,"column":25}}},"87":{"name":"(anonymous_87)","line":1090,"loc":{"start":{"line":1090,"column":23},"end":{"line":1090,"column":34}}},"88":{"name":"(anonymous_88)","line":1093,"loc":{"start":{"line":1093,"column":12},"end":{"line":1093,"column":23}}},"89":{"name":"(anonymous_89)","line":1101,"loc":{"start":{"line":1101,"column":14},"end":{"line":1101,"column":29}}},"90":{"name":"(anonymous_90)","line":1113,"loc":{"start":{"line":1113,"column":20},"end":{"line":1113,"column":34}}},"91":{"name":"(anonymous_91)","line":1128,"loc":{"start":{"line":1128,"column":13},"end":{"line":1128,"column":38}}},"92":{"name":"(anonymous_92)","line":1177,"loc":{"start":{"line":1177,"column":14},"end":{"line":1177,"column":25}}},"93":{"name":"(anonymous_93)","line":1203,"loc":{"start":{"line":1203,"column":23},"end":{"line":1203,"column":34}}},"94":{"name":"(anonymous_94)","line":1206,"loc":{"start":{"line":1206,"column":12},"end":{"line":1206,"column":23}}},"95":{"name":"(anonymous_95)","line":1215,"loc":{"start":{"line":1215,"column":14},"end":{"line":1215,"column":29}}},"96":{"name":"tanh","line":1226,"loc":{"start":{"line":1226,"column":2},"end":{"line":1226,"column":19}}},"97":{"name":"(anonymous_97)","line":1233,"loc":{"start":{"line":1233,"column":18},"end":{"line":1233,"column":32}}},"98":{"name":"(anonymous_98)","line":1243,"loc":{"start":{"line":1243,"column":13},"end":{"line":1243,"column":38}}},"99":{"name":"(anonymous_99)","line":1253,"loc":{"start":{"line":1253,"column":14},"end":{"line":1253,"column":25}}},"100":{"name":"(anonymous_100)","line":1263,"loc":{"start":{"line":1263,"column":23},"end":{"line":1263,"column":34}}},"101":{"name":"(anonymous_101)","line":1266,"loc":{"start":{"line":1266,"column":12},"end":{"line":1266,"column":23}}},"102":{"name":"(anonymous_102)","line":1274,"loc":{"start":{"line":1274,"column":14},"end":{"line":1274,"column":29}}},"103":{"name":"(anonymous_103)","line":1289,"loc":{"start":{"line":1289,"column":1},"end":{"line":1289,"column":18}}},"104":{"name":"(anonymous_104)","line":1299,"loc":{"start":{"line":1299,"column":21},"end":{"line":1299,"column":35}}},"105":{"name":"(anonymous_105)","line":1311,"loc":{"start":{"line":1311,"column":13},"end":{"line":1311,"column":38}}},"106":{"name":"(anonymous_106)","line":1329,"loc":{"start":{"line":1329,"column":14},"end":{"line":1329,"column":25}}},"107":{"name":"(anonymous_107)","line":1340,"loc":{"start":{"line":1340,"column":23},"end":{"line":1340,"column":34}}},"108":{"name":"(anonymous_108)","line":1343,"loc":{"start":{"line":1343,"column":12},"end":{"line":1343,"column":23}}},"109":{"name":"(anonymous_109)","line":1352,"loc":{"start":{"line":1352,"column":14},"end":{"line":1352,"column":29}}},"110":{"name":"(anonymous_110)","line":1364,"loc":{"start":{"line":1364,"column":1},"end":{"line":1364,"column":18}}},"111":{"name":"(anonymous_111)","line":1371,"loc":{"start":{"line":1371,"column":40},"end":{"line":1371,"column":54}}},"112":{"name":"(anonymous_112)","line":1390,"loc":{"start":{"line":1390,"column":13},"end":{"line":1390,"column":38}}},"113":{"name":"(anonymous_113)","line":1420,"loc":{"start":{"line":1420,"column":14},"end":{"line":1420,"column":25}}},"114":{"name":"(anonymous_114)","line":1450,"loc":{"start":{"line":1450,"column":23},"end":{"line":1450,"column":34}}},"115":{"name":"(anonymous_115)","line":1451,"loc":{"start":{"line":1451,"column":12},"end":{"line":1451,"column":23}}},"116":{"name":"(anonymous_116)","line":1463,"loc":{"start":{"line":1463,"column":14},"end":{"line":1463,"column":29}}},"117":{"name":"(anonymous_117)","line":1478,"loc":{"start":{"line":1478,"column":1},"end":{"line":1478,"column":18}}},"118":{"name":"(anonymous_118)","line":1484,"loc":{"start":{"line":1484,"column":27},"end":{"line":1484,"column":41}}},"119":{"name":"(anonymous_119)","line":1500,"loc":{"start":{"line":1500,"column":13},"end":{"line":1500,"column":38}}},"120":{"name":"(anonymous_120)","line":1521,"loc":{"start":{"line":1521,"column":14},"end":{"line":1521,"column":25}}},"121":{"name":"(anonymous_121)","line":1543,"loc":{"start":{"line":1543,"column":23},"end":{"line":1543,"column":34}}},"122":{"name":"(anonymous_122)","line":1546,"loc":{"start":{"line":1546,"column":12},"end":{"line":1546,"column":23}}},"123":{"name":"(anonymous_123)","line":1554,"loc":{"start":{"line":1554,"column":14},"end":{"line":1554,"column":29}}},"124":{"name":"(anonymous_124)","line":1565,"loc":{"start":{"line":1565,"column":1},"end":{"line":1565,"column":18}}},"125":{"name":"(anonymous_125)","line":1571,"loc":{"start":{"line":1571,"column":12},"end":{"line":1571,"column":30}}},"126":{"name":"(anonymous_126)","line":1578,"loc":{"start":{"line":1578,"column":16},"end":{"line":1578,"column":31}}},"127":{"name":"(anonymous_127)","line":1585,"loc":{"start":{"line":1585,"column":20},"end":{"line":1585,"column":31}}},"128":{"name":"(anonymous_128)","line":1674,"loc":{"start":{"line":1674,"column":13},"end":{"line":1674,"column":38}}},"129":{"name":"(anonymous_129)","line":1684,"loc":{"start":{"line":1684,"column":14},"end":{"line":1684,"column":26}}},"130":{"name":"(anonymous_130)","line":1692,"loc":{"start":{"line":1692,"column":23},"end":{"line":1692,"column":34}}},"131":{"name":"(anonymous_131)","line":1703,"loc":{"start":{"line":1703,"column":19},"end":{"line":1703,"column":30}}},"132":{"name":"(anonymous_132)","line":1713,"loc":{"start":{"line":1713,"column":12},"end":{"line":1713,"column":23}}},"133":{"name":"(anonymous_133)","line":1721,"loc":{"start":{"line":1721,"column":14},"end":{"line":1721,"column":29}}},"134":{"name":"(anonymous_134)","line":1750,"loc":{"start":{"line":1750,"column":1},"end":{"line":1750,"column":18}}},"
[...]
) {","        var p = randperm(N);","        this.folds.push({train_ix: p.slice(0, num_train), test_ix: p.slice(num_train, N)});","      }","    },","","    // returns a random candidate network","    sampleCandidate: function() {","      var input_depth = this.data[0].w.length;","      var num_classes = this.unique_labels.length;","","      // sample network topology and hyperparameters","      var layer_defs = [];","      layer_defs.push({type:'input', out_sx:1, out_sy:1, out_depth: input_depth});","      var nl = weightedSample([0,1,2,3], [0.2, 0.3, 0.3, 0.2]); // prefer nets with 1,2 hidden layers","      for(var q=0;q<nl;q++) {","        var ni = randi(this.neurons_min, this.neurons_max);","        var act = ['tanh','maxout','relu'][randi(0,3)];","        if(randf(0,1)<0.5) {","          var dp = Math.random();","          layer_defs.push({type:'fc', num_neurons: ni, activation: act, drop_prob: dp});","        } else {","          layer_defs.push({type:'fc', num_neurons: ni, activation: act});","        }","      }","      layer_defs.push({type:'softmax', num_classes: num_classes});","      var net = new Net();","      net.makeLayers(layer_defs);","","      // sample training hyperparameters","      var bs = randi(this.batch_size_min, this.batch_size_max); // batch size","      var l2 = Math.pow(10, randf(this.l2_decay_min, this.l2_decay_max)); // l2 weight decay","      var lr = Math.pow(10, randf(this.learning_rate_min, this.learning_rate_max)); // learning rate","      var mom = randf(this.momentum_min, this.momentum_max); // momentum. Lets just use 0.9, works okay usually ;p","      var tp = randf(0,1); // trainer type","      var trainer_def;","      if(tp<0.33) {","        trainer_def = {method:'adadelta', batch_size:bs, l2_decay:l2};","      } else if(tp<0.66) {","        trainer_def = {method:'adagrad', learning_rate: lr, batch_size:bs, l2_decay:l2};","      } else {","        trainer_def = {method:'sgd', learning_rate: lr, momentum: mom, batch_size:bs, l2_decay:l2};","      }","      ","      var trainer = new Trainer(net, trainer_def);","","      var cand = {};","      cand.acc = [];","      cand.accv = 0; // this will maintained as sum(acc) for convenience","      cand.layer_defs = layer_defs;","      cand.trainer_def = trainer_def;","      cand.net = net;","      cand.trainer = trainer;","      return cand;","    },","","    // sets this.candidates with this.num_candidates candidate nets","    sampleCandidates: function() {","      this.candidates = []; // flush, if any","      for(var i=0;i<this.num_candidates;i++) {","        var cand = this.sampleCandidate();","        this.candidates.push(cand);","      }","    },","","    step: function() {","      ","      // run an example through current candidate","      this.iter++;","","      // step all candidates on a random data point","      var fold = this.folds[this.foldix]; // active fold","      var dataix = fold.train_ix[randi(0, fold.train_ix.length)];","      for(var k=0;k<this.candidates.length;k++) {","        var x = this.data[dataix];","        var l = this.labels[dataix];","        this.candidates[k].trainer.train(x, l);","      }","","      // process consequences: sample new folds, or candidates","      var lastiter = this.num_epochs * fold.train_ix.length;","      if(this.iter >= lastiter) {","        // finished evaluation of this fold. Get final validation","        // accuracies, record them, and go on to next fold.","        var val_acc = this.evalValErrors();","        for(var k=0;k<this.candidates.length;k++) {","          var c = this.candidates[k];","          c.acc.push(val_acc[k]);","          c.accv += val_acc[k];","        }","        this.iter = 0; // reset step number","        this.foldix++; // increment fold","","        if(this.finish_fold_callback !== null) {","          this.finish_fold_callback();","        }","","        if(this.foldix >= this.folds.length) {","          // we finished all folds as well! Record these candidates","          // and sample new ones to evaluate.","          for(var k=0;k<this.candidates.length;k++) {","            this.evaluated_candidates.push(this.candidates[k]);","          }","          // sort evaluated candidates according to accuracy achieved","          this.evaluated_candidates.sort(function(a, b) { ","            return (a.accv / a.acc.length) ","                 > (b.accv / b.acc.length) ","                 ? -1 : 1;","          });","          // and clip only to the top few ones (lets place limit at 3*ensemble_size)","          // otherwise there are concerns with keeping these all in memory ","          // if MagicNet is being evaluated for a very long time","          if(this.evaluated_candidates.length > 3 * this.ensemble_size) {","            this.evaluated_candidates = this.evaluated_candidates.slice(0, 3 * this.ensemble_size);","          }","          if(this.finish_batch_callback !== null) {","            this.finish_batch_callback();","          }","          this.sampleCandidates(); // begin with new candidates","          this.foldix = 0; // reset this","        } else {","          // we will go on to another fold. reset all candidates nets","          for(var k=0;k<this.candidates.length;k++) {","            var c = this.candidates[k];","            var net = new Net();","            net.makeLayers(c.layer_defs);","            var trainer = new Trainer(net, c.trainer_def);","            c.net = net;","            c.trainer = trainer;","          }","        }","      }","    },","","    evalValErrors: function() {","      // evaluate candidates on validation data and return performance of current networks","      // as simple list","      var vals = [];","      var fold = this.folds[this.foldix]; // active fold","      for(var k=0;k<this.candidates.length;k++) {","        var net = this.candidates[k].net;","        var v = 0.0;","        for(var q=0;q<fold.test_ix.length;q++) {","          var x = this.data[fold.test_ix[q]];","          var l = this.labels[fold.test_ix[q]];","          net.forward(x);","          var yhat = net.getPrediction();","          v += (yhat === l ? 1.0 : 0.0); // 0 1 loss","        }","        v /= fold.test_ix.length; // normalize","        vals.push(v);","      }","      return vals;","    },","","    // returns prediction scores for given test data point, as Vol","    // uses an averaged prediction from the best ensemble_size models","    // x is a Vol.","    predict_soft: function(data) {","      // forward prop the best networks","      // and accumulate probabilities at last layer into a an output Vol","      var nv = Math.min(this.ensemble_size, this.evaluated_candidates.length);","      if(nv === 0) { return new convnetjs.Vol(0,0,0); } // not sure what to do here? we're not ready yet","      var xout, n;","      for(var j=0;j<nv;j++) {","        var net = this.evaluated_candidates[j].net;","        var x = net.forward(data);","        if(j===0) { ","          xout = x; ","          n = x.w.length; ","        } else {","          // add it on","          for(var d=0;d<n;d++) {","            xout.w[d] += x.w[d];","          }","        }","      }","      // produce average","      for(var d=0;d<n;d++) {","        xout.w[d] /= n;","      }","      return xout;","    },","","    predict: function(data) {","      var xout = this.predict_soft(data);","      if(xout.w.length !== 0) {","        var stats = maxmin(xout.w);","        var predicted_label = stats.maxi; ","      } else {","        var predicted_label = -1; // error out","      }","      return predicted_label;","","    },","","    toJSON: function() {","      // dump the top ensemble_size networks as a list","      var nv = Math.min(this.ensemble_size, this.evaluated_candidates.length);","      var json = {};","      json.nets = [];","      for(var i=0;i<nv;i++) {","        json.nets.push(this.evaluated_candidates[i].net.toJSON());","      }","      return json;","    },","","    fromJSON: function(json) {","      this.ensemble_size = json.nets.length;","      this.evaluated_candidates = [];","      for(var i=0;i<this.ensemble_size;i++) {","        var net = new Net();","        net.fromJSON(json.nets[i]);","        var dummy_candidate = {};","        dummy_candidate.net = net;","        this.evaluated_candidates.push(dummy_candidate);","      }","    },","","    // callback functions","    // called when a fold is finished, while evaluating a batch","    onFinishFold: function(f) { this.finish_fold_callback = f; },","    // called when a batch of candidates has finished evaluating","    onFinishBatch: function(f) { this.finish_batch_callback = f; }","    ","  };","","  global.MagicNet = MagicNet;","})(convnetjs);","(function(lib) {","  \"use strict\";","  if (typeof module === \"undefined\" || typeof module.exports === \"undefined\") {","    window.jsfeat = lib; // in ordinary browser attach library to window","  } else {","    module.exports = lib; // in nodejs","  }","})(convnetjs);",""],"l":{"1":1,"2":1,"6":1,"7":1,"8":1,"9":0,"10":0,"11":0,"13":0,"14":0,"15":0,"16":0,"17":0,"18":0,"19":0,"20":0,"22":1,"23":1,"24":1,"27":1,"28":0,"29":0,"31":0,"32":0,"33":0,"35":0,"39":1,"40":0,"41":0,"43":0,"46":1,"47":0,"48":0,"49":0,"50":0,"53":0,"57":1,"58":0,"59":0,"60":0,"61":0,"62":0,"63":0,"64":0,"65":0,"66":0,"68":0,"72":1,"73":0,"76":0,"77":0,"78":0,"79":0,"80":0,"81":0,"82":0,"84":0,"89":1,"90":0,"91":0,"92":0,"93":0,"94":0,"99":1,"100":0,"103":1,"104":1,"105":1,"106":1,"107":1,"108":1,"109":1,"110":1,"111":1,"112":1,"115":1,"125":1,"127":0,"129":0,"130":0,"131":0,"134":0,"135":0,"136":0,"137":0,"141":0,"142":0,"143":0,"144":0,"145":0,"146":0,"147":0,"151":0,"152":0,"153":0,"156":0,"157":0,"163":1,"165":0,"166":0,"169":0,"170":0,"173":0,"174":0,"177":0,"178":0,"181":0,"182":0,"185":0,"186":0,"188":0,"190":0,"191":0,"192":0,"193":0,"195":0,"196":0,"197":0,"201":0,"202":0,"203":0,"204":0,"205":0,"206":0,"210":0,"211":0,"212":0,"214":0,"215":0,"216":0,"218":0,"219":0,"224":1,"226":1,"228":1,"235":1,"237":0,"238":0,"239":0,"242":0,"243":0,"244":0,"245":0,"246":0,"247":0,"248":0,"249":0,"254":0,"257":0,"259":0,"260":0,"261":0,"262":0,"263":0,"267":0,"269":0,"274":1,"276":0,"278":0,"279":0,"280":0,"281":0,"284":0,"285":0,"287":0,"289":0,"291":0,"295":0,"296":0,"298":0,"299":0,"301":0,"306":0,"307":0,"308":0,"309":0,"310":0,"311":0,"313":0,"314":0,"316":0,"318":0,"319":0,"320":0,"321":0,"324":0,"327":0,"330":1,"331":1,"334":1,"336":1,"344":1,"345":0,"348":0,"349":0,"350":0,"351":0,"352":0,"355":0,"356":0,"357":0,"358":0,"359":0,"365":0,"366":0,"367":0,"370":0,"371":0,"372":0,"373":0,"375":1,"377":0,"379":0,"380":0,"381":0,"382":0,"383":0,"384":0,"385":0,"386":0,"390":0,"391":0,"392":0,"393":0,"394":0,"395":0,"396":0,"399":0,"404":0,"405":0,"409":0,"410":0,"415":0,"416":0,"417":0,"418":0,"419":0,"420":0,"421":0,"422":0,"423":0,"426":0,"427":0,"428":0,"429":0,"430":0,"431":0,"432":0,"438":0,"439":0,"440":0,"441":0,"446":0,"452":0,"453":0,"454":0,"456":0,"457":0,"460":0,"461":0,"462":0,"463":0,"464":0,"465":0,"466":0,"467":0,"468":0,"469":0,"470":0,"471":0,"472":0,"473":0,"474":0,"476":0,"477":0,"480":0,"481":0,"482":0,"483":0,"484":0,"485":0,"486":0,"487":0,"488":0,"489":0,"490":0,"491":0,"492":0,"493":0,"494":0,"495":0,"497":0,"498":0,"502":1,"503":0,"507":0,"510":0,"511":0,"514":0,"515":0,"516":0,"517":0,"520":0,"521":0,"522":0,"523":0,"526":1,"528":0,"529":0,"530":0,"531":0,"532":0,"533":0,"534":0,"535":0,"537":0,"538":0,"540":0,"541":0,"544":0,"545":0,"548":0,"549":0,"550":0,"551":0,"552":0,"553":0,"555":0,"559":0,"560":0,"561":0,"563":0,"564":0,"567":0,"568":0,"569":0,"570":0,"571":0,"572":0,"573":0,"574":0,"575":0,"576":0,"577":0,"579":0,"580":0,"583":0,"584":0,"585":0,"586":0,"587":0,"588":0,"589":0,"590":0,"591":0,"592":0,"593":0,"594":0,"596":0,"597":0,"601":1,"602":1,"605":1,"607":1,"609":1,"611":0,"614":0,"615":0,"616":0,"617":0,"620":0,"621":0,"622":0,"625":0,"626":0,"627":0,"628":0,"630":0,"631":0,"634":1,"636":0,"638":0,"640":0,"641":0,"642":0,"643":0,"644":0,"645":0,"646":0,"649":0,"650":0,"651":0,"652":0,"653":0,"654":0,"655":0,"656":0,"660":0,"664":0,"665":0,"666":0,"667":0,"671":0,"672":0,"677":0,"678":0,"679":0,"681":0,"682":0,"683":0,"684":0,"685":0,"686":0,"687":0,"689":0,"690":0,"691":0,"698":0,"701":0,"702":0,"703":0,"704":0,"705":0,"706":0,"707":0,"708":0,"709":0,"710":0,"711":0,"714":0,"715":0,"716":0,"717":0,"718":0,"719":0,"720":0,"721":0,"722":0,"723":0,"724":0,"728":1,"732":1,"734":1,"736":1,"737":0,"740":0,"741":0,"742":0,"743":0,"745":1,"747":0,"748":0,"749":0,"753":0,"756":0,"757":0,"758":0,"759":0,"760":0,"761":0,"764":0,"765":0,"766":0,"767":0,"771":1,"773":1,"775":1,"786":1,"787":0,"790":0,"791":0,"792":0,"793":0,"794":0,"797":1,"799":0,"801":0,"804":0,"805":0,"806":0,"807":0,"811":0,"812":0,"813":0,"814":0,"815":0,"816":0,"820":0,"821":0,"822":0,"825":0,"826":0,"827":0,"832":0,"833":0,"835":0,"836":0,"837":0,"838":0,"842":0,"845":0,"848":0,"849":0,"850":0,"851":0,"852":0,"853":0,"854":0,"857":0,"858":0,"859":0,"860":0,"861":0,"868":1,"869":0,"872":0,"873":0,"874":0,"875":0,"876":0,"879":1,"881":0,"882":0,"883":0,"889":0,"890":0,"891":0,"892":0,"893":0,"894":0,"895":0,"896":0,"901":0,"902":0,"903":0,"904":0,"905":0,"907":0,"910":0,"913":0,"914":0,"915":0,"916":0,"917":0,"918":0,"919":0,"922":0,"923":0,"924":0,"925":0,"926":0,"930":1,"931":0,"934":0,"935":0,"936":0,"937":0,"938":0,"941":1,"943":0,"944":0,"945":0,"950":0,"951":0,"953":0,"954":0,"955":0,"956":0,"957":0,"963":0,"964":0,"965":0,"969":0,"972":0,"975":0,"976":0,"977":0,"978":0,"979":0,"980":0,"981":0,"984":0,"985":0,"986":0,"987":0,"988":0,"992":1,"993":1,"994":1,"998":1,"1000":1,"1005":1,"1006":0,"1009":0,"1010":0,"1011":0,"1012":0,"1014":1,"1016":0,"1017":0,"1018":0,"1019":0,"1020":0,"1021":0,"1023":0,"1024":0,"1027":0,"1028":0,"1029":0,"1030":0,"1031":0,"1032":0,"1033":0,"1037":0,"1040":0,"1041":0,"1042":0,"1043":0,"1044":0,"1045":0,"1048":0,"1049":0,"1050":0,"1051":0,"1058":1,"1059":0,"1062":0,"1063":0,"1064":0,"1065":0,"1067":1,"1069":0,"1070":0,"1071":0,"1072":0,"1073":0,"1074":0,"1075":0,"1077":0,"1078":0,"1081":0,"1082":0,"1083":0,"1084":0,"1085":0,"1086":0,"1087":0,"1091":0,"1094":0,"1095":0,"1096":0,"1097":0,"1098":0,"1099":0,"1102":0,"1103":0,"1104":0,"1105":0,"1113":1,"1114":0,"1117":0,"1120":0,"1121":0,"1122":0,"1123":0,"1125":0,"1127":1,"1129":0,"1130":0,"1131":0,"1136":0,"1137":0,"1138":0,"1139":0,"1140":0,"1141":0,"1142":0,"1143":0,"1144":0,"1145":0,"1148":0,"1149":0,"1152":0,"1153":0,"1154":0,"1155":0,"1156":0,"1157":0,"1158":0,"1159":0,"1160":0,"1161":0,"1162":0,"1163":0,"1166":0,"1167":0,"1168":0,"1174":0,"1175":0,"1178":0,"1179":0,"1180":0,"1181":0,"1184":0,"1185":0,"1186":0,"1187":0,"1191":0,"1192":0,"1193":0,"1194":0,"1195":0,"1196":0,"1197":0,"1204":0,"1207":0,"1208":0,"1209":0,"1210":0,"1211":0,"1212":0,"1213":0,"1216":0,"1217":0,"1218":0,"1219":0,"1220":0,"1221":0,"1226":1,"1227":0,"1228":0,"1233":1,"1234":0,"1237":0,"1238":0,"1239":0,"1240":0,"1242":1,"1244":0,"1245":0,"1246":0,"1247":0,"1248":0,"1250":0,"1251":0,"1254":0,"1255":0,"1256":0,"1257":0,"1258":0,"1259":0,"1260":0,"1264":0,"1267":0,"1268":0,"1269":0,"1270":0,"1271":0,"1272":0,"1275":0,"1276":0,"1277":0,"1278":0,"1282":1,"1283":1,"1284":1,"1285":1,"1289":1,"1291":1,"1299":1,"1300":0,"1303":0,"1304":0,"1305":0,"1306":0,"1307":0,"1308":0,"1310":1,"1312":0,"1313":0,"1314":0,"1315":0,"1316":0,"1318":0,"1319":0,"1320":0,"1324":0,"1326":0,"1327":0,"1330":0,"1331":0,"1332":0,"1333":0,"1334":0,"1335":0,"1336":0,"1341":0,"1344":0,"1345":0,"1346":0,"1347":0,"1348":0,"1349":0,"1350":0,"1353":0,"1354":0,"1355":0,"1356":0,"1357":0,"1362":1,"1364":1,"1366":1,"1371":1,"1372":0,"1375":0,"1376":0,"1377":0,"1378":0,"1381":0,"1382":0,"1383":0,"1384":0,"1387":0,"1389":1,"1391":0,"1393":0,"1394":0,"1395":0,"1396":0,"1397":0,"1398":0,"1400":0,"1403":0,"1404":0,"1405":0,"1406":0,"1408":0,"1409":0,"1410":0,"1411":0,"1412":0,"1417":0,"1418":0,"1422":0,"1423":0,"1424":0,"1426":0,"1427":0,"1428":0,"1429":0,"1431":0,"1432":0,"1433":0,"1434":0,"1437":0,"1438":0,"1439":0,"1440":0,"1441":0,"1442":0,"1443":0,"1450":0,"1452":0,"1453":0,"1454":0,"1455":0,"1456":0,"1457":0,"1458":0,"1459":0,"1460":0,"1461":0,"1464":0,"1465":0,"1466":0,"1467":0,"1468":0,"1469":0,"1470":0,"1471":0,"1476":1,"1478":1,"1480":1,"1484":1,"1485":0,"1488":0,"1489":0,"1495":0,"1496":0,"1499":1,"1501":0,"1502":0,"1503":0,"1504":0,"1505":0,"1506":0,"1507":0,"1508":0,"1509":0,"1511":0,"1512":0,"1513":0,"1518":0,"1519":0,"1522":0,"1523":0,"1524":0,"1525":0,"1526":0,"1527":0,"1528":0,"1529":0,"1530":0,"1531":0,"1532":0,"1534":0,"1535":0,"1536":0,"1537":0,"1544":0,"1547":0,"1548":0,"1549":0,"1550":0,"1551":0,"1552":0,"1555":0,"1556":0,"1557":0,"1558":0,"1563":1,"1565":1,"1567":1,"1571":1,"1572":0,"1575":1,"1581":0,"1582":0,"1585":0,"1586":0,"1587":0,"1588":0,"1590":0,"1593":0,"1596":0,"1599":0,"1602":0,"1604":0,"1605":0,"1606":0,"1612":0,"1615":0,"1616":0,"1620":0,"1622":0,"1623":0,"1624":0,"1625":0,"1626":0,"1628":0,"1629":0,"1631":0,"1633":0,"1634":0,"1638":0,"1640":0,"1643":0,"1644":0,"1645":0,"1646":0,"1647":0,"1648":0,"1649":0,"1650":0,"1653":0,"1654":0,"1655":0,"1656":0,"1657":0,"1658":0,"1659":0,"1660":0,"1661":0,"1662":0,"1663":0,"1664":0,"1665":0,"1666":0,"1667":0,"1668":0,"1675":0,"1676":0,"1677":0,"1678":0,"1680":0,"1685":0,"1686":0,"1687":0,"1688":0,"1690":0,"1694":0,"1695":0,"1696":0,"1697":0,"1698":0,"1701":0,"1704":0,"1705":0,"1706":0,"1707":0,"1708":0,"1709":0,"1711":0,"1714":0,"1715":0,"1716":0,"1717":0,"1719":0,"1722":0,"1723":0,"1724":0,"1725":0,"1726":0,"1727":0,"1728":0,"1729":0,"1730":0,"1731":0,"1732":0,"1733":0,"1734":0,"1735":0,"1736":0,"1737":0,"1738":0,"1739":0,"1740":0,"1741":0,"1742":0,"1748":1,"1750":1,"1752":1,"1754":1,"1756":0,"1758":0,"1759":0,"1760":0,"1761":0,"1762":0,"1763":0,"1765":0,"1766":0,"1767":0,"1769":0,"1770":0,"1771":0,"1774":1,"1777":0,"1778":0,"1779":0,"1780":0,"1782":0,"1783":0,"1784":0,"1785":0,"1786":0,"1787":0,"1789":0,"1790":0,"1792":0,"1795":0,"1800":0,"1801":0,"1802":0,"1803":0,"1805":0,"1811":0,"1812":0,"1813":0,"1814":0,"1817":0,"1818":0,"1819":0,"1820":0,"1822":0,"1823":0,"1824":0,"1825":0,"1826":0,"1827":0,"1829":0,"1831":0,"1832":0,"1833":0,"1835":0,"1836":0,"1837":0,"1838":0,"1842":0,"1843":0,"1844":0,"1845":0,"1847":0,"1848":0,"1849":0,"1850":0,"1853":0,"1855":0,"1856":0,"1857":0,"1860":0,"1863":0,"1872":0,"1879":1,"1880":1,"1883":1,"1887":1,"1888":1,"1889":1,"1890":1,"1891":1,"1892":1,"1893":1,"1894":1,"1895":1,"1905":1,"1906":0,"1907":0,"1908":0,"1911":0,"1912":0,"1915":0,"1916":0,"1917":0,"1920":0,"1922":0,"1925":0,"1926":0,"1927":0,"1928":0,"1929":0,"1930":0,"1931":0,"1932":0,"1933":0,"1934":0,"1937":0,"1938":0,"1939":0,"1940":0,"1941":0,"1942":0,"1945":0,"1946":0,"1949":0,"1950":0,"1951":0,"1955":1,"1959":0,"1960":0,"1961":0,"1962":0,"1963":0,"1964":0,"1970":0,"1971":0,"1974":0,"1975":0,"1976":0,"1977":0,"1978":0,"1979":0,"1980":0,"1981":0,"1982":0,"1984":0,"1987":0,"1988":0,"1989":0,"1992":0,"1993":0,"1994":0,"1995":0,"1996":0,"1997":0,"1998":0,"1999":0,"2000":0,"2001":0,"2003":0,"2006":0,"2008":0,"2009":0,"2010":0,"2011":0,"2012":0,"2013":0,"2014":0,"2015":0,"2020":0,"2021":0,"2022":0,"2023":0,"2030":0,"2033":0,"2034":0,"2035":0,"2036":0,"2037":0,"2038":0,"2042":0,"2043":0,"2046":0,"2047":0,"2048":0,"2049":0,"2050":0,"2052":0,"2053":0,"2055":0,"2056":0,"2059":0,"2062":0,"2063":0,"2066":0,"2067":0,"2074":0,"2075":0,"2077":0,"2078":0,"2080":0,"2081":0,"2084":0,"2085":0,"2086":0,"2087":0,"2088":0,"2089":0,"2090":0,"2099":0,"2100":0,"2101":0,"2102":0,"2103":0,"2104":0,"2105":0,"2106":0,"2107":0,"2108":0,"2109":0,"2111":0,"2112":0,"2114":0,"2123":0,"2124":0,"2125":0,"2126":0,"2127":0,"2128":0,"2129":0,"2130":0,"2131":0,"2134":0,"2135":0,"2140":0,"2141":0,"2143":0,"2147":0,"2148":0,"2149":0,"2150":0,"2152":0,"2154":0,"2160":0,"2161":0,"2162":0,"2163":0,"2164":0,"2166":0,"2170":0,"2171":0,"2172":0,"2173":0,"2174":0,"2175":0,"2176":0,"2177":0,"2183":0,"2185":0,"2189":1,"2191":1,"2193":1,"2194":0,"2196":1}}}